# JRE version: OpenJDK Runtime Environment (8.0_282-b08) (build 1.8.0_282-b08)
# Java VM: OpenJDK 64-Bit Server VM (25.282-b08 mixed mode windows-amd64 compressed oops)
Heap:
 PSYoungGen      total 95744K, used 15309K [0x0000000755a00000, 0x000000075c480000, 0x00000007c0000000)
  eden space 82432K, 12% used [0x0000000755a00000,0x00000007563d2748,0x000000075aa80000)
  from space 13312K, 39% used [0x000000075b780000,0x000000075bca0fb0,0x000000075c480000)
  to   space 13312K, 0% used [0x000000075aa80000,0x000000075aa80000,0x000000075b780000)
 ParOldGen       total 218624K, used 51K [0x0000000680e00000, 0x000000068e380000, 0x0000000755a00000)
  object space 218624K, 0% used [0x0000000680e00000,0x0000000680e0cc30,0x000000068e380000)
 Metaspace       used 14142K, capacity 14397K, committed 14592K, reserved 1062912K
  class space    used 1341K, capacity 1423K, committed 1536K, reserved 1048576K
GC Heap History (4 events):
Event: 13.342 GC heap before
{Heap before GC invocations=1 (full 0):
 PSYoungGen      total 95744K, used 82432K [0x0000000755a00000, 0x000000075c480000, 0x00000007c0000000)
  eden space 82432K, 100% used [0x0000000755a00000,0x000000075aa80000,0x000000075aa80000)
  from space 13312K, 0% used [0x000000075b780000,0x000000075b780000,0x000000075c480000)
  to   space 13312K, 0% used [0x000000075aa80000,0x000000075aa80000,0x000000075b780000)
 ParOldGen       total 218624K, used 0K [0x0000000680e00000, 0x000000068e380000, 0x0000000755a00000)
  object space 218624K, 0% used [0x0000000680e00000,0x0000000680e00000,0x000000068e380000)
 Metaspace       used 13097K, capacity 13337K, committed 13696K, reserved 1060864K
  class space    used 1240K, capacity 1327K, committed 1408K, reserved 1048576K
Event: 13.349 GC heap after
Heap after GC invocations=1 (full 0):
 PSYoungGen      total 95744K, used 10999K [0x0000000755a00000, 0x000000075c480000, 0x00000007c0000000)
  eden space 82432K, 0% used [0x0000000755a00000,0x0000000755a00000,0x000000075aa80000)
  from space 13312K, 82% used [0x000000075aa80000,0x000000075b53de28,0x000000075b780000)
  to   space 13312K, 0% used [0x000000075b780000,0x000000075b780000,0x000000075c480000)
 ParOldGen       total 218624K, used 24K [0x0000000680e00000, 0x000000068e380000, 0x0000000755a00000)
  object space 218624K, 0% used [0x0000000680e00000,0x0000000680e06000,0x000000068e380000)
 Metaspace       used 13097K, capacity 13337K, committed 13696K, reserved 1060864K
  class space    used 1240K, capacity 1327K, committed 1408K, reserved 1048576K
}
Event: 17.600 GC heap before
{Heap before GC invocations=2 (full 0):
 PSYoungGen      total 95744K, used 93431K [0x0000000755a00000, 0x000000075c480000, 0x00000007c0000000)
  eden space 82432K, 100% used [0x0000000755a00000,0x000000075aa80000,0x000000075aa80000)
  from space 13312K, 82% used [0x000000075aa80000,0x000000075b53de28,0x000000075b780000)
  to   space 13312K, 0% used [0x000000075b780000,0x000000075b780000,0x000000075c480000)
 ParOldGen       total 218624K, used 24K [0x0000000680e00000, 0x000000068e380000, 0x0000000755a00000)
  object space 218624K, 0% used [0x0000000680e00000,0x0000000680e06000,0x000000068e380000)
 Metaspace       used 14131K, capacity 14333K, committed 14592K, reserved 1062912K
  class space    used 1339K, capacity 1423K, committed 1536K, reserved 1048576K
Event: 17.604 GC heap after
Heap after GC invocations=2 (full 0):
 PSYoungGen      total 95744K, used 5251K [0x0000000755a00000, 0x000000075c480000, 0x00000007c0000000)
  eden space 82432K, 0% used [0x0000000755a00000,0x0000000755a00000,0x000000075aa80000)
  from space 13312K, 39% used [0x000000075b780000,0x000000075bca0fb0,0x000000075c480000)
  to   space 13312K, 0% used [0x000000075aa80000,0x000000075aa80000,0x000000075b780000)
 ParOldGen       total 218624K, used 51K [0x0000000680e00000, 0x000000068e380000, 0x0000000755a00000)
  object space 218624K, 0% used [0x0000000680e00000,0x0000000680e0cc30,0x000000068e380000)
 Metaspace       used 14131K, capacity 14333K, committed 14592K, reserved 1062912K
  class space    used 1339K, capacity 1423K, committed 1536K, reserved 1048576K
}

