# JRE version: OpenJDK Runtime Environment (8.0_222) (build 1.8.0_222-ga)
# Java VM: OpenJDK 64-Bit Server VM (25.222-bga mixed mode linux-amd64 compressed oops)
Heap:
 PSYoungGen      total 56320K, used 960K [0x0000000781b00000, 0x0000000788900000, 0x00000007c0000000)
  eden space 48640K, 1% used [0x0000000781b00000,0x0000000781bf0390,0x0000000784a80000)
  from space 7680K, 0% used [0x0000000784a80000,0x0000000784a80000,0x0000000785200000)
  to   space 7680K, 0% used [0x0000000788180000,0x0000000788180000,0x0000000788900000)
 ParOldGen       total 131584K, used 50466K [0x0000000705000000, 0x000000070d080000, 0x0000000781b00000)
  object space 131584K, 38% used [0x0000000705000000,0x0000000708148960,0x000000070d080000)
 Metaspace       used 15479K, capacity 15733K, committed 16128K, reserved 1064960K
  class space    used 1450K, capacity 1527K, committed 1536K, reserved 1048576K
GC Heap History (8 events):
Event: 0,540 GC heap before
{Heap before GC invocations=1 (full 0):
 PSYoungGen      total 56320K, used 47093K [0x0000000781b00000, 0x0000000785980000, 0x00000007c0000000)
  eden space 48640K, 96% used [0x0000000781b00000,0x00000007848fd6c8,0x0000000784a80000)
  from space 7680K, 0% used [0x0000000785200000,0x0000000785200000,0x0000000785980000)
  to   space 7680K, 0% used [0x0000000784a80000,0x0000000784a80000,0x0000000785200000)
 ParOldGen       total 128512K, used 0K [0x0000000705000000, 0x000000070cd80000, 0x0000000781b00000)
  object space 128512K, 0% used [0x0000000705000000,0x0000000705000000,0x000000070cd80000)
 Metaspace       used 13095K, capacity 13277K, committed 13440K, reserved 1060864K
  class space    used 1252K, capacity 1329K, committed 1408K, reserved 1048576K
Event: 0,545 GC heap after
Heap after GC invocations=1 (full 0):
 PSYoungGen      total 56320K, used 7666K [0x0000000781b00000, 0x0000000785980000, 0x00000007c0000000)
  eden space 48640K, 0% used [0x0000000781b00000,0x0000000781b00000,0x0000000784a80000)
  from space 7680K, 99% used [0x0000000784a80000,0x00000007851fc9f8,0x0000000785200000)
  to   space 7680K, 0% used [0x0000000785200000,0x0000000785200000,0x0000000785980000)
 ParOldGen       total 128512K, used 21088K [0x0000000705000000, 0x000000070cd80000, 0x0000000781b00000)
  object space 128512K, 16% used [0x0000000705000000,0x00000007064983c0,0x000000070cd80000)
 Metaspace       used 13095K, capacity 13277K, committed 13440K, reserved 1060864K
  class space    used 1252K, capacity 1329K, committed 1408K, reserved 1048576K
}
Event: 0,798 GC heap before
{Heap before GC invocations=2 (full 0):
 PSYoungGen      total 56320K, used 54204K [0x0000000781b00000, 0x0000000785980000, 0x00000007c0000000)
  eden space 48640K, 95% used [0x0000000781b00000,0x0000000784872780,0x0000000784a80000)
  from space 7680K, 99% used [0x0000000784a80000,0x00000007851fc9f8,0x0000000785200000)
  to   space 7680K, 0% used [0x0000000785200000,0x0000000785200000,0x0000000785980000)
 ParOldGen       total 128512K, used 21088K [0x0000000705000000, 0x000000070cd80000, 0x0000000781b00000)
  object space 128512K, 16% used [0x0000000705000000,0x00000007064983c0,0x000000070cd80000)
 Metaspace       used 13959K, capacity 14225K, committed 14592K, reserved 1062912K
  class space    used 1341K, capacity 1431K, committed 1536K, reserved 1048576K
Event: 0,802 GC heap after
Heap after GC invocations=2 (full 0):
 PSYoungGen      total 56320K, used 7674K [0x0000000781b00000, 0x0000000788900000, 0x00000007c0000000)
  eden space 48640K, 0% used [0x0000000781b00000,0x0000000781b00000,0x0000000784a80000)
  from space 7680K, 99% used [0x0000000785200000,0x000000078597ead8,0x0000000785980000)
  to   space 7680K, 0% used [0x0000000784a80000,0x0000000784a80000,0x0000000785200000)
 ParOldGen       total 128512K, used 27919K [0x0000000705000000, 0x000000070cd80000, 0x0000000781b00000)
  object space 128512K, 21% used [0x0000000705000000,0x0000000706b43d90,0x000000070cd80000)
 Metaspace       used 13959K, capacity 14225K, committed 14592K, reserved 1062912K
  class space    used 1341K, capacity 1431K, committed 1536K, reserved 1048576K
}
Event: 0,934 GC heap before
{Heap before GC invocations=3 (full 0):
 PSYoungGen      total 56320K, used 56007K [0x0000000781b00000, 0x0000000788900000, 0x00000007c0000000)
  eden space 48640K, 99% used [0x0000000781b00000,0x0000000784a33440,0x0000000784a80000)
  from space 7680K, 99% used [0x0000000785200000,0x000000078597ead8,0x0000000785980000)
  to   space 7680K, 0% used [0x0000000784a80000,0x0000000784a80000,0x0000000785200000)
 ParOldGen       total 128512K, used 27919K [0x0000000705000000, 0x000000070cd80000, 0x0000000781b00000)
  object space 128512K, 21% used [0x0000000705000000,0x0000000706b43d90,0x000000070cd80000)
 Metaspace       used 14014K, capacity 14225K, committed 14592K, reserved 1062912K
  class space    used 1344K, capacity 1431K, committed 1536K, reserved 1048576K
Event: 0,942 GC heap after
Heap after GC invocations=3 (full 0):
 PSYoungGen      total 56320K, used 7677K [0x0000000781b00000, 0x0000000788900000, 0x00000007c0000000)
  eden space 48640K, 0% used [0x0000000781b00000,0x0000000781b00000,0x0000000784a80000)
  from space 7680K, 99% used [0x0000000784a80000,0x00000007851ff540,0x0000000785200000)
  to   space 7680K, 0% used [0x0000000788180000,0x0000000788180000,0x0000000788900000)
 ParOldGen       total 128512K, used 40271K [0x0000000705000000, 0x000000070cd80000, 0x0000000781b00000)
  object space 128512K, 31% used [0x0000000705000000,0x0000000707753fb8,0x000000070cd80000)
 Metaspace       used 14014K, capacity 14225K, committed 14592K, reserved 1062912K
  class space    used 1344K, capacity 1431K, committed 1536K, reserved 1048576K
}
Event: 3,606 GC heap before
{Heap before GC invocations=4 (full 1):
 PSYoungGen      total 56320K, used 56317K [0x0000000781b00000, 0x0000000788900000, 0x00000007c0000000)
  eden space 48640K, 100% used [0x0000000781b00000,0x0000000784a80000,0x0000000784a80000)
  from space 7680K, 99% used [0x0000000784a80000,0x00000007851ff540,0x0000000785200000)
  to   space 7680K, 0% used [0x0000000788180000,0x0000000788180000,0x0000000788900000)
 ParOldGen       total 128512K, used 112712K [0x0000000705000000, 0x000000070cd80000, 0x0000000781b00000)
  object space 128512K, 87% used [0x0000000705000000,0x000000070be123d8,0x000000070cd80000)
 Metaspace       used 15479K, capacity 15733K, committed 16128K, reserved 1064960K
  class space    used 1450K, capacity 1527K, committed 1536K, reserved 1048576K
Event: 3,632 GC heap after
Heap after GC invocations=4 (full 1):
 PSYoungGen      total 56320K, used 0K [0x0000000781b00000, 0x0000000788900000, 0x00000007c0000000)
  eden space 48640K, 0% used [0x0000000781b00000,0x0000000781b00000,0x0000000784a80000)
  from space 7680K, 0% used [0x0000000784a80000,0x0000000784a80000,0x0000000785200000)
  to   space 7680K, 0% used [0x0000000788180000,0x0000000788180000,0x0000000788900000)
 ParOldGen       total 131584K, used 50466K [0x0000000705000000, 0x000000070d080000, 0x0000000781b00000)
  object space 131584K, 38% used [0x0000000705000000,0x0000000708148960,0x000000070d080000)
 Metaspace       used 15479K, capacity 15733K, committed 16128K, reserved 1064960K
  class space    used 1450K, capacity 1527K, committed 1536K, reserved 1048576K
}

