# JRE version: OpenJDK Runtime Environment (11.0.2+9) (build 11.0.2+9)
# Java VM: OpenJDK 64-Bit Server VM (11.0.2+9, mixed mode, tiered, compressed oops, g1 gc, windows-amd64)
Heap:
 garbage-first heap   total 327680K, used 62737K [0x00000006c0e00000, 0x0000000800000000)
  region size 1024K, 7 young (7168K), 5 survivors (5120K)
 Metaspace       used 19899K, capacity 20300K, committed 20608K, reserved 1069056K
  class space    used 1721K, capacity 1834K, committed 1920K, reserved 1048576K
GC Heap History (8 events):
Event: 1.970 GC heap before
{Heap before GC invocations=0 (full 0):
 garbage-first heap   total 327680K, used 15360K [0x00000006c0e00000, 0x0000000800000000)
  region size 1024K, 16 young (16384K), 0 survivors (0K)
 Metaspace       used 13456K, capacity 13698K, committed 14080K, reserved 1062912K
  class space    used 1087K, capacity 1166K, committed 1280K, reserved 1048576K
}
Event: 1.996 GC heap after
{Heap after GC invocations=1 (full 0):
 garbage-first heap   total 327680K, used 2267K [0x00000006c0e00000, 0x0000000800000000)
  region size 1024K, 2 young (2048K), 2 survivors (2048K)
 Metaspace       used 13456K, capacity 13698K, committed 14080K, reserved 1062912K
  class space    used 1087K, capacity 1166K, committed 1280K, reserved 1048576K
}
Event: 3.551 GC heap before
{Heap before GC invocations=1 (full 0):
 garbage-first heap   total 327680K, used 154843K [0x00000006c0e00000, 0x0000000800000000)
  region size 1024K, 40 young (40960K), 2 survivors (2048K)
 Metaspace       used 17779K, capacity 18105K, committed 18432K, reserved 1067008K
  class space    used 1563K, capacity 1681K, committed 1792K, reserved 1048576K
}
Event: 3.557 GC heap after
{Heap after GC invocations=2 (full 0):
 garbage-first heap   total 327680K, used 44592K [0x00000006c0e00000, 0x0000000800000000)
  region size 1024K, 11 young (11264K), 11 survivors (11264K)
 Metaspace       used 17779K, capacity 18105K, committed 18432K, reserved 1067008K
  class space    used 1563K, capacity 1681K, committed 1792K, reserved 1048576K
}
Event: 9.162 GC heap before
{Heap before GC invocations=3 (full 0):
 garbage-first heap   total 327680K, used 149040K [0x00000006c0e00000, 0x0000000800000000)
  region size 1024K, 38 young (38912K), 11 survivors (11264K)
 Metaspace       used 19790K, capacity 20108K, committed 20352K, reserved 1067008K
  class space    used 1715K, capacity 1834K, committed 1920K, reserved 1048576K
}
Event: 9.170 GC heap after
{Heap after GC invocations=4 (full 0):
 garbage-first heap   total 327680K, used 61249K [0x00000006c0e00000, 0x0000000800000000)
  region size 1024K, 5 young (5120K), 5 survivors (5120K)
 Metaspace       used 19790K, capacity 20108K, committed 20352K, reserved 1067008K
  class space    used 1715K, capacity 1834K, committed 1920K, reserved 1048576K
}
Event: 13.324 GC heap before
{Heap before GC invocations=4 (full 0):
 garbage-first heap   total 327680K, used 103233K [0x00000006c0e00000, 0x0000000800000000)
  region size 1024K, 46 young (47104K), 5 survivors (5120K)
 Metaspace       used 19898K, capacity 20300K, committed 20608K, reserved 1069056K
  class space    used 1721K, capacity 1834K, committed 1920K, reserved 1048576K
}
Event: 13.329 GC heap after
{Heap after GC invocations=5 (full 0):
 garbage-first heap   total 327680K, used 61713K [0x00000006c0e00000, 0x0000000800000000)
  region size 1024K, 5 young (5120K), 5 survivors (5120K)
 Metaspace       used 19898K, capacity 20300K, committed 20608K, reserved 1069056K
  class space    used 1721K, capacity 1834K, committed 1920K, reserved 1048576K
}

