# JRE version: OpenJDK Runtime Environment (11.0.2+9) (build 11.0.2+9)
# Java VM: OpenJDK 64-Bit Server VM (11.0.2+9, mixed mode, tiered, compressed oops, g1 gc, windows-amd64)
Heap:
 garbage-first heap   total 327680K, used 62089K [0x00000006c0e00000, 0x0000000800000000)
  region size 1024K, 6 young (6144K), 5 survivors (5120K)
 Metaspace       used 19833K, capacity 20172K, committed 20352K, reserved 1067008K
  class space    used 1722K, capacity 1834K, committed 1920K, reserved 1048576K
GC Heap History (6 events):
Event: 1.566 GC heap before
{Heap before GC invocations=0 (full 0):
 garbage-first heap   total 327680K, used 15360K [0x00000006c0e00000, 0x0000000800000000)
  region size 1024K, 16 young (16384K), 0 survivors (0K)
 Metaspace       used 13460K, capacity 13694K, committed 14080K, reserved 1062912K
  class space    used 1086K, capacity 1164K, committed 1280K, reserved 1048576K
}
Event: 1.571 GC heap after
{Heap after GC invocations=1 (full 0):
 garbage-first heap   total 327680K, used 2267K [0x00000006c0e00000, 0x0000000800000000)
  region size 1024K, 2 young (2048K), 2 survivors (2048K)
 Metaspace       used 13460K, capacity 13694K, committed 14080K, reserved 1062912K
  class space    used 1086K, capacity 1164K, committed 1280K, reserved 1048576K
}
Event: 3.057 GC heap before
{Heap before GC invocations=1 (full 0):
 garbage-first heap   total 327680K, used 162011K [0x00000006c0e00000, 0x0000000800000000)
  region size 1024K, 42 young (43008K), 2 survivors (2048K)
 Metaspace       used 17865K, capacity 18181K, committed 18432K, reserved 1067008K
  class space    used 1573K, capacity 1683K, committed 1792K, reserved 1048576K
}
Event: 3.062 GC heap after
{Heap after GC invocations=2 (full 0):
 garbage-first heap   total 327680K, used 45360K [0x00000006c0e00000, 0x0000000800000000)
  region size 1024K, 11 young (11264K), 11 survivors (11264K)
 Metaspace       used 17865K, capacity 18181K, committed 18432K, reserved 1067008K
  class space    used 1573K, capacity 1683K, committed 1792K, reserved 1048576K
}
Event: 8.993 GC heap before
{Heap before GC invocations=3 (full 0):
 garbage-first heap   total 327680K, used 150832K [0x00000006c0e00000, 0x0000000800000000)
  region size 1024K, 39 young (39936K), 11 survivors (11264K)
 Metaspace       used 19818K, capacity 20172K, committed 20352K, reserved 1067008K
  class space    used 1722K, capacity 1834K, committed 1920K, reserved 1048576K
}
Event: 8.999 GC heap after
{Heap after GC invocations=4 (full 0):
 garbage-first heap   total 327680K, used 62089K [0x00000006c0e00000, 0x0000000800000000)
  region size 1024K, 5 young (5120K), 5 survivors (5120K)
 Metaspace       used 19818K, capacity 20172K, committed 20352K, reserved 1067008K
  class space    used 1722K, capacity 1834K, committed 1920K, reserved 1048576K
}

