# JRE version: OpenJDK Runtime Environment (8.0_282-b08) (build 1.8.0_282-b08)
# Java VM: OpenJDK 64-Bit Server VM (25.282-b08 mixed mode windows-amd64 compressed oops)
Heap:
 PSYoungGen      total 77824K, used 14880K [0x0000000755a00000, 0x000000075b100000, 0x00000007c0000000)
  eden space 69632K, 16% used [0x0000000755a00000,0x0000000756579e10,0x0000000759e00000)
  from space 8192K, 38% used [0x000000075a900000,0x000000075ac0e208,0x000000075b100000)
  to   space 9728K, 0% used [0x0000000759e00000,0x0000000759e00000,0x000000075a780000)
 ParOldGen       total 218624K, used 3359K [0x0000000680e00000, 0x000000068e380000, 0x0000000755a00000)
  object space 218624K, 1% used [0x0000000680e00000,0x0000000681147e00,0x000000068e380000)
 Metaspace       used 14247K, capacity 14461K, committed 14848K, reserved 1062912K
  class space    used 1340K, capacity 1423K, committed 1536K, reserved 1048576K
GC Heap History (10 events):
Event: 24.802 GC heap before
{Heap before GC invocations=8 (full 0):
 PSYoungGen      total 80384K, used 79896K [0x0000000755a00000, 0x000000075b880000, 0x00000007c0000000)
  eden space 77312K, 100% used [0x0000000755a00000,0x000000075a580000,0x000000075a580000)
  from space 3072K, 84% used [0x000000075a700000,0x000000075a9861f8,0x000000075aa00000)
  to   space 9728K, 0% used [0x000000075af00000,0x000000075af00000,0x000000075b880000)
 ParOldGen       total 218624K, used 2823K [0x0000000680e00000, 0x000000068e380000, 0x0000000755a00000)
  object space 218624K, 1% used [0x0000000680e00000,0x00000006810c1f00,0x000000068e380000)
 Metaspace       used 14233K, capacity 14461K, committed 14848K, reserved 1062912K
  class space    used 1340K, capacity 1423K, committed 1536K, reserved 1048576K
Event: 24.804 GC heap after
Heap after GC invocations=8 (full 0):
 PSYoungGen      total 83968K, used 2488K [0x0000000755a00000, 0x000000075b700000, 0x00000007c0000000)
  eden space 75776K, 0% used [0x0000000755a00000,0x0000000755a00000,0x000000075a400000)
  from space 8192K, 30% used [0x000000075af00000,0x000000075b16e1f8,0x000000075b700000)
  to   space 9728K, 0% used [0x000000075a400000,0x000000075a400000,0x000000075ad80000)
 ParOldGen       total 218624K, used 2855K [0x0000000680e00000, 0x000000068e380000, 0x0000000755a00000)
  object space 218624K, 1% used [0x0000000680e00000,0x00000006810c9f00,0x000000068e380000)
 Metaspace       used 14233K, capacity 14461K, committed 14848K, reserved 1062912K
  class space    used 1340K, capacity 1423K, committed 1536K, reserved 1048576K
}
Event: 25.421 GC heap before
{Heap before GC invocations=9 (full 0):
 PSYoungGen      total 83968K, used 78032K [0x0000000755a00000, 0x000000075b700000, 0x00000007c0000000)
  eden space 75776K, 99% used [0x0000000755a00000,0x000000075a3c5ff0,0x000000075a400000)
  from space 8192K, 30% used [0x000000075af00000,0x000000075b16e1f8,0x000000075b700000)
  to   space 9728K, 0% used [0x000000075a400000,0x000000075a400000,0x000000075ad80000)
 ParOldGen       total 218624K, used 3217K [0x0000000680e00000, 0x000000068e380000, 0x0000000755a00000)
  object space 218624K, 1% used [0x0000000680e00000,0x0000000681124568,0x000000068e380000)
 Metaspace       used 14240K, capacity 14461K, committed 14848K, reserved 1062912K
  class space    used 1340K, capacity 1423K, committed 1536K, reserved 1048576K
Event: 25.423 GC heap after
Heap after GC invocations=9 (full 0):
 PSYoungGen      total 81408K, used 6729K [0x0000000755a00000, 0x000000075b680000, 0x00000007c0000000)
  eden space 74240K, 0% used [0x0000000755a00000,0x0000000755a00000,0x000000075a280000)
  from space 7168K, 93% used [0x000000075a400000,0x000000075aa925e8,0x000000075ab00000)
  to   space 10240K, 0% used [0x000000075ac80000,0x000000075ac80000,0x000000075b680000)
 ParOldGen       total 218624K, used 3249K [0x0000000680e00000, 0x000000068e380000, 0x0000000755a00000)
  object space 218624K, 1% used [0x0000000680e00000,0x000000068112c568,0x000000068e380000)
 Metaspace       used 14240K, capacity 14461K, committed 14848K, reserved 1062912K
  class space    used 1340K, capacity 1423K, committed 1536K, reserved 1048576K
}
Event: 26.072 GC heap before
{Heap before GC invocations=10 (full 0):
 PSYoungGen      total 81408K, used 80969K [0x0000000755a00000, 0x000000075b680000, 0x00000007c0000000)
  eden space 74240K, 100% used [0x0000000755a00000,0x000000075a280000,0x000000075a280000)
  from space 7168K, 93% used [0x000000075a400000,0x000000075aa925e8,0x000000075ab00000)
  to   space 10240K, 0% used [0x000000075ac80000,0x000000075ac80000,0x000000075b680000)
 ParOldGen       total 218624K, used 3255K [0x0000000680e00000, 0x000000068e380000, 0x0000000755a00000)
  object space 218624K, 1% used [0x0000000680e00000,0x000000068112de00,0x000000068e380000)
 Metaspace       used 14242K, capacity 14461K, committed 14848K, reserved 1062912K
  class space    used 1340K, capacity 1423K, committed 1536K, reserved 1048576K
Event: 26.074 GC heap after
Heap after GC invocations=10 (full 0):
 PSYoungGen      total 80384K, used 4496K [0x0000000755a00000, 0x000000075b400000, 0x00000007c0000000)
  eden space 72704K, 0% used [0x0000000755a00000,0x0000000755a00000,0x000000075a100000)
  from space 7680K, 58% used [0x000000075ac80000,0x000000075b0e43f0,0x000000075b400000)
  to   space 9728K, 0% used [0x000000075a100000,0x000000075a100000,0x000000075aa80000)
 ParOldGen       total 218624K, used 3271K [0x0000000680e00000, 0x000000068e380000, 0x0000000755a00000)
  object space 218624K, 1% used [0x0000000680e00000,0x0000000681131e00,0x000000068e380000)
 Metaspace       used 14242K, capacity 14461K, committed 14848K, reserved 1062912K
  class space    used 1340K, capacity 1423K, committed 1536K, reserved 1048576K
}
Event: 26.744 GC heap before
{Heap before GC invocations=11 (full 0):
 PSYoungGen      total 80384K, used 77200K [0x0000000755a00000, 0x000000075b400000, 0x00000007c0000000)
  eden space 72704K, 100% used [0x0000000755a00000,0x000000075a100000,0x000000075a100000)
  from space 7680K, 58% used [0x000000075ac80000,0x000000075b0e43f0,0x000000075b400000)
  to   space 9728K, 0% used [0x000000075a100000,0x000000075a100000,0x000000075aa80000)
 ParOldGen       total 218624K, used 3271K [0x0000000680e00000, 0x000000068e380000, 0x0000000755a00000)
  object space 218624K, 1% used [0x0000000680e00000,0x0000000681131e00,0x000000068e380000)
 Metaspace       used 14242K, capacity 14461K, committed 14848K, reserved 1062912K
  class space    used 1340K, capacity 1423K, committed 1536K, reserved 1048576K
Event: 26.746 GC heap after
Heap after GC invocations=11 (full 0):
 PSYoungGen      total 74240K, used 2744K [0x0000000755a00000, 0x000000075b280000, 0x00000007c0000000)
  eden space 71168K, 0% used [0x0000000755a00000,0x0000000755a00000,0x0000000759f80000)
  from space 3072K, 89% used [0x000000075a100000,0x000000075a3ae1f8,0x000000075a400000)
  to   space 9728K, 0% used [0x000000075a900000,0x000000075a900000,0x000000075b280000)
 ParOldGen       total 218624K, used 3311K [0x0000000680e00000, 0x000000068e380000, 0x0000000755a00000)
  object space 218624K, 1% used [0x0000000680e00000,0x000000068113be00,0x000000068e380000)
 Metaspace       used 14242K, capacity 14461K, committed 14848K, reserved 1062912K
  class space    used 1340K, capacity 1423K, committed 1536K, reserved 1048576K
}
Event: 27.349 GC heap before
{Heap before GC invocations=12 (full 0):
 PSYoungGen      total 74240K, used 73912K [0x0000000755a00000, 0x000000075b280000, 0x00000007c0000000)
  eden space 71168K, 100% used [0x0000000755a00000,0x0000000759f80000,0x0000000759f80000)
  from space 3072K, 89% used [0x000000075a100000,0x000000075a3ae1f8,0x000000075a400000)
  to   space 9728K, 0% used [0x000000075a900000,0x000000075a900000,0x000000075b280000)
 ParOldGen       total 218624K, used 3311K [0x0000000680e00000, 0x000000068e380000, 0x0000000755a00000)
  object space 218624K, 1% used [0x0000000680e00000,0x000000068113be00,0x000000068e380000)
 Metaspace       used 14247K, capacity 14461K, committed 14848K, reserved 1062912K
  class space    used 1340K, capacity 1423K, committed 1536K, reserved 1048576K
Event: 27.351 GC heap after
Heap after GC invocations=12 (full 0):
 PSYoungGen      total 77824K, used 3128K [0x0000000755a00000, 0x000000075b100000, 0x00000007c0000000)
  eden space 69632K, 0% used [0x0000000755a00000,0x0000000755a00000,0x0000000759e00000)
  from space 8192K, 38% used [0x000000075a900000,0x000000075ac0e208,0x000000075b100000)
  to   space 9728K, 0% used [0x0000000759e00000,0x0000000759e00000,0x000000075a780000)
 ParOldGen       total 218624K, used 3359K [0x0000000680e00000, 0x000000068e380000, 0x0000000755a00000)
  object space 218624K, 1% used [0x0000000680e00000,0x0000000681147e00,0x000000068e380000)
 Metaspace       used 14247K, capacity 14461K, committed 14848K, reserved 1062912K
  class space    used 1340K, capacity 1423K, committed 1536K, reserved 1048576K
}

