# JRE version: OpenJDK Runtime Environment (8.0_222) (build 1.8.0_222-ga)
# Java VM: OpenJDK 64-Bit Server VM (25.222-bga mixed mode linux-amd64 compressed oops)
Heap:
 PSYoungGen      total 56320K, used 9557K [0x0000000781b00000, 0x0000000785980000, 0x00000007c0000000)
  eden space 48640K, 3% used [0x0000000781b00000,0x0000000781cd90c0,0x0000000784a80000)
  from space 7680K, 99% used [0x0000000785200000,0x000000078597c5e8,0x0000000785980000)
  to   space 7680K, 0% used [0x0000000784a80000,0x0000000784a80000,0x0000000785200000)
 ParOldGen       total 128512K, used 4966K [0x0000000705000000, 0x000000070cd80000, 0x0000000781b00000)
  object space 128512K, 3% used [0x0000000705000000,0x00000007054d9b58,0x000000070cd80000)
 Metaspace       used 14285K, capacity 14529K, committed 14848K, reserved 1062912K
  class space    used 1336K, capacity 1425K, committed 1536K, reserved 1048576K
GC Heap History (4 events):
Event: 1,724 GC heap before
{Heap before GC invocations=1 (full 0):
 PSYoungGen      total 56320K, used 48640K [0x0000000781b00000, 0x0000000785980000, 0x00000007c0000000)
  eden space 48640K, 100% used [0x0000000781b00000,0x0000000784a80000,0x0000000784a80000)
  from space 7680K, 0% used [0x0000000785200000,0x0000000785200000,0x0000000785980000)
  to   space 7680K, 0% used [0x0000000784a80000,0x0000000784a80000,0x0000000785200000)
 ParOldGen       total 128512K, used 0K [0x0000000705000000, 0x000000070cd80000, 0x0000000781b00000)
  object space 128512K, 0% used [0x0000000705000000,0x0000000705000000,0x000000070cd80000)
 Metaspace       used 12934K, capacity 13149K, committed 13440K, reserved 1060864K
  class space    used 1228K, capacity 1329K, committed 1408K, reserved 1048576K
Event: 1,728 GC heap after
Heap after GC invocations=1 (full 0):
 PSYoungGen      total 56320K, used 7673K [0x0000000781b00000, 0x0000000785980000, 0x00000007c0000000)
  eden space 48640K, 0% used [0x0000000781b00000,0x0000000781b00000,0x0000000784a80000)
  from space 7680K, 99% used [0x0000000784a80000,0x00000007851fe430,0x0000000785200000)
  to   space 7680K, 0% used [0x0000000785200000,0x0000000785200000,0x0000000785980000)
 ParOldGen       total 128512K, used 2678K [0x0000000705000000, 0x000000070cd80000, 0x0000000781b00000)
  object space 128512K, 2% used [0x0000000705000000,0x000000070529d8b0,0x000000070cd80000)
 Metaspace       used 12934K, capacity 13149K, committed 13440K, reserved 1060864K
  class space    used 1228K, capacity 1329K, committed 1408K, reserved 1048576K
}
Event: 7,843 GC heap before
{Heap before GC invocations=2 (full 0):
 PSYoungGen      total 56320K, used 56313K [0x0000000781b00000, 0x0000000785980000, 0x00000007c0000000)
  eden space 48640K, 100% used [0x0000000781b00000,0x0000000784a80000,0x0000000784a80000)
  from space 7680K, 99% used [0x0000000784a80000,0x00000007851fe430,0x0000000785200000)
  to   space 7680K, 0% used [0x0000000785200000,0x0000000785200000,0x0000000785980000)
 ParOldGen       total 128512K, used 2678K [0x0000000705000000, 0x000000070cd80000, 0x0000000781b00000)
  object space 128512K, 2% used [0x0000000705000000,0x000000070529d8b0,0x000000070cd80000)
 Metaspace       used 14277K, capacity 14529K, committed 14848K, reserved 1062912K
  class space    used 1335K, capacity 1425K, committed 1536K, reserved 1048576K
Event: 7,846 GC heap after
Heap after GC invocations=2 (full 0):
 PSYoungGen      total 56320K, used 7665K [0x0000000781b00000, 0x0000000785980000, 0x00000007c0000000)
  eden space 48640K, 0% used [0x0000000781b00000,0x0000000781b00000,0x0000000784a80000)
  from space 7680K, 99% used [0x0000000785200000,0x000000078597c5e8,0x0000000785980000)
  to   space 7680K, 0% used [0x0000000784a80000,0x0000000784a80000,0x0000000785200000)
 ParOldGen       total 128512K, used 4966K [0x0000000705000000, 0x000000070cd80000, 0x0000000781b00000)
  object space 128512K, 3% used [0x0000000705000000,0x00000007054d9b58,0x000000070cd80000)
 Metaspace       used 14277K, capacity 14529K, committed 14848K, reserved 1062912K
  class space    used 1335K, capacity 1425K, committed 1536K, reserved 1048576K
}

