# JRE version: OpenJDK Runtime Environment (11.0.2+9) (build 11.0.2+9)
# Java VM: OpenJDK 64-Bit Server VM (11.0.2+9, mixed mode, tiered, compressed oops, g1 gc, windows-amd64)
Heap:
 garbage-first heap   total 327680K, used 85644K [0x00000006c0e00000, 0x0000000800000000)
  region size 1024K, 7 young (7168K), 6 survivors (6144K)
 Metaspace       used 19916K, capacity 20239K, committed 20352K, reserved 1067008K
  class space    used 1723K, capacity 1835K, committed 1920K, reserved 1048576K
GC Heap History (8 events):
Event: 2.907 GC heap before
{Heap before GC invocations=0 (full 0):
 garbage-first heap   total 327680K, used 15360K [0x00000006c0e00000, 0x0000000800000000)
  region size 1024K, 16 young (16384K), 0 survivors (0K)
 Metaspace       used 13472K, capacity 13694K, committed 14080K, reserved 1062912K
  class space    used 1086K, capacity 1164K, committed 1280K, reserved 1048576K
}
Event: 2.910 GC heap after
{Heap after GC invocations=1 (full 0):
 garbage-first heap   total 327680K, used 2265K [0x00000006c0e00000, 0x0000000800000000)
  region size 1024K, 2 young (2048K), 2 survivors (2048K)
 Metaspace       used 13472K, capacity 13694K, committed 14080K, reserved 1062912K
  class space    used 1086K, capacity 1164K, committed 1280K, reserved 1048576K
}
Event: 4.750 GC heap before
{Heap before GC invocations=1 (full 0):
 garbage-first heap   total 327680K, used 155865K [0x00000006c0e00000, 0x0000000800000000)
  region size 1024K, 41 young (41984K), 2 survivors (2048K)
 Metaspace       used 17850K, capacity 18172K, committed 18432K, reserved 1067008K
  class space    used 1566K, capacity 1682K, committed 1792K, reserved 1048576K
}
Event: 4.755 GC heap after
{Heap after GC invocations=2 (full 0):
 garbage-first heap   total 327680K, used 45357K [0x00000006c0e00000, 0x0000000800000000)
  region size 1024K, 12 young (12288K), 12 survivors (12288K)
 Metaspace       used 17850K, capacity 18172K, committed 18432K, reserved 1067008K
  class space    used 1566K, capacity 1682K, committed 1792K, reserved 1048576K
}
Event: 19.310 GC heap before
{Heap before GC invocations=3 (full 0):
 garbage-first heap   total 327680K, used 151853K [0x00000006c0e00000, 0x0000000800000000)
  region size 1024K, 40 young (40960K), 12 survivors (12288K)
 Metaspace       used 19679K, capacity 20047K, committed 20352K, reserved 1067008K
  class space    used 1722K, capacity 1835K, committed 1920K, reserved 1048576K
}
Event: 19.324 GC heap after
{Heap after GC invocations=4 (full 0):
 garbage-first heap   total 327680K, used 68435K [0x00000006c0e00000, 0x0000000800000000)
  region size 1024K, 5 young (5120K), 5 survivors (5120K)
 Metaspace       used 19679K, capacity 20047K, committed 20352K, reserved 1067008K
  class space    used 1722K, capacity 1835K, committed 1920K, reserved 1048576K
}
Event: 45.134 GC heap before
{Heap before GC invocations=4 (full 0):
 garbage-first heap   total 327680K, used 109395K [0x00000006c0e00000, 0x0000000800000000)
  region size 1024K, 45 young (46080K), 5 survivors (5120K)
 Metaspace       used 19916K, capacity 20239K, committed 20352K, reserved 1067008K
  class space    used 1723K, capacity 1835K, committed 1920K, reserved 1048576K
}
Event: 45.159 GC heap after
{Heap after GC invocations=5 (full 0):
 garbage-first heap   total 327680K, used 85644K [0x00000006c0e00000, 0x0000000800000000)
  region size 1024K, 6 young (6144K), 6 survivors (6144K)
 Metaspace       used 19916K, capacity 20239K, committed 20352K, reserved 1067008K
  class space    used 1723K, capacity 1835K, committed 1920K, reserved 1048576K
}

