# JRE version: OpenJDK Runtime Environment (11.0.2+9) (build 11.0.2+9)
# Java VM: OpenJDK 64-Bit Server VM (11.0.2+9, mixed mode, tiered, compressed oops, g1 gc, windows-amd64)
Heap:
 garbage-first heap   total 327680K, used 60529K [0x00000006c0e00000, 0x0000000800000000)
  region size 1024K, 5 young (5120K), 4 survivors (4096K)
 Metaspace       used 19833K, capacity 20172K, committed 20352K, reserved 1067008K
  class space    used 1722K, capacity 1834K, committed 1920K, reserved 1048576K
GC Heap History (6 events):
Event: 1.586 GC heap before
{Heap before GC invocations=0 (full 0):
 garbage-first heap   total 327680K, used 15360K [0x00000006c0e00000, 0x0000000800000000)
  region size 1024K, 16 young (16384K), 0 survivors (0K)
 Metaspace       used 13452K, capacity 13698K, committed 14080K, reserved 1062912K
  class space    used 1087K, capacity 1166K, committed 1280K, reserved 1048576K
}
Event: 1.589 GC heap after
{Heap after GC invocations=1 (full 0):
 garbage-first heap   total 327680K, used 2265K [0x00000006c0e00000, 0x0000000800000000)
  region size 1024K, 2 young (2048K), 2 survivors (2048K)
 Metaspace       used 13452K, capacity 13698K, committed 14080K, reserved 1062912K
  class space    used 1087K, capacity 1166K, committed 1280K, reserved 1048576K
}
Event: 3.215 GC heap before
{Heap before GC invocations=1 (full 0):
 garbage-first heap   total 327680K, used 163033K [0x00000006c0e00000, 0x0000000800000000)
  region size 1024K, 43 young (44032K), 2 survivors (2048K)
 Metaspace       used 17945K, capacity 18245K, committed 18432K, reserved 1067008K
  class space    used 1575K, capacity 1683K, committed 1792K, reserved 1048576K
}
Event: 3.221 GC heap after
{Heap after GC invocations=2 (full 0):
 garbage-first heap   total 327680K, used 46297K [0x00000006c0e00000, 0x0000000800000000)
  region size 1024K, 11 young (11264K), 11 survivors (11264K)
 Metaspace       used 17945K, capacity 18245K, committed 18432K, reserved 1067008K
  class space    used 1575K, capacity 1683K, committed 1792K, reserved 1048576K
}
Event: 6.427 GC heap before
{Heap before GC invocations=3 (full 0):
 garbage-first heap   total 327680K, used 153817K [0x00000006c0e00000, 0x0000000800000000)
  region size 1024K, 40 young (40960K), 11 survivors (11264K)
 Metaspace       used 19827K, capacity 20172K, committed 20352K, reserved 1067008K
  class space    used 1722K, capacity 1834K, committed 1920K, reserved 1048576K
}
Event: 6.433 GC heap after
{Heap after GC invocations=4 (full 0):
 garbage-first heap   total 327680K, used 60529K [0x00000006c0e00000, 0x0000000800000000)
  region size 1024K, 4 young (4096K), 4 survivors (4096K)
 Metaspace       used 19827K, capacity 20172K, committed 20352K, reserved 1067008K
  class space    used 1722K, capacity 1834K, committed 1920K, reserved 1048576K
}

