# JRE version: OpenJDK Runtime Environment (8.0_222) (build 1.8.0_222-ga)
# Java VM: OpenJDK 64-Bit Server VM (25.222-bga mixed mode linux-amd64 compressed oops)
Heap:
 PSYoungGen      total 104960K, used 14714K [0x0000000781b00000, 0x0000000788900000, 0x00000007c0000000)
  eden space 97280K, 7% used [0x0000000781b00000,0x00000007821e1dc8,0x0000000787a00000)
  from space 7680K, 99% used [0x0000000788180000,0x00000007888fcc90,0x0000000788900000)
  to   space 7680K, 0% used [0x0000000787a00000,0x0000000787a00000,0x0000000788180000)
 ParOldGen       total 128512K, used 16310K [0x0000000705000000, 0x000000070cd80000, 0x0000000781b00000)
  object space 128512K, 12% used [0x0000000705000000,0x0000000705fed9b8,0x000000070cd80000)
 Metaspace       used 13955K, capacity 14221K, committed 14592K, reserved 1062912K
  class space    used 1343K, capacity 1431K, committed 1536K, reserved 1048576K
GC Heap History (4 events):
Event: 0,551 GC heap before
{Heap before GC invocations=1 (full 0):
 PSYoungGen      total 56320K, used 48640K [0x0000000781b00000, 0x0000000785980000, 0x00000007c0000000)
  eden space 48640K, 100% used [0x0000000781b00000,0x0000000784a80000,0x0000000784a80000)
  from space 7680K, 0% used [0x0000000785200000,0x0000000785200000,0x0000000785980000)
  to   space 7680K, 0% used [0x0000000784a80000,0x0000000784a80000,0x0000000785200000)
 ParOldGen       total 128512K, used 0K [0x0000000705000000, 0x000000070cd80000, 0x0000000781b00000)
  object space 128512K, 0% used [0x0000000705000000,0x0000000705000000,0x000000070cd80000)
 Metaspace       used 13212K, capacity 13441K, committed 13696K, reserved 1060864K
  class space    used 1273K, capacity 1363K, committed 1408K, reserved 1048576K
Event: 0,557 GC heap after
Heap after GC invocations=1 (full 0):
 PSYoungGen      total 56320K, used 7656K [0x0000000781b00000, 0x0000000788900000, 0x00000007c0000000)
  eden space 48640K, 0% used [0x0000000781b00000,0x0000000781b00000,0x0000000784a80000)
  from space 7680K, 99% used [0x0000000784a80000,0x00000007851fa268,0x0000000785200000)
  to   space 7680K, 0% used [0x0000000788180000,0x0000000788180000,0x0000000788900000)
 ParOldGen       total 128512K, used 11407K [0x0000000705000000, 0x000000070cd80000, 0x0000000781b00000)
  object space 128512K, 8% used [0x0000000705000000,0x0000000705b23ee8,0x000000070cd80000)
 Metaspace       used 13212K, capacity 13441K, committed 13696K, reserved 1060864K
  class space    used 1273K, capacity 1363K, committed 1408K, reserved 1048576K
}
Event: 0,844 GC heap before
{Heap before GC invocations=2 (full 0):
 PSYoungGen      total 56320K, used 51698K [0x0000000781b00000, 0x0000000788900000, 0x00000007c0000000)
  eden space 48640K, 90% used [0x0000000781b00000,0x0000000784602668,0x0000000784a80000)
  from space 7680K, 99% used [0x0000000784a80000,0x00000007851fa268,0x0000000785200000)
  to   space 7680K, 0% used [0x0000000788180000,0x0000000788180000,0x0000000788900000)
 ParOldGen       total 128512K, used 11407K [0x0000000705000000, 0x000000070cd80000, 0x0000000781b00000)
  object space 128512K, 8% used [0x0000000705000000,0x0000000705b23ee8,0x000000070cd80000)
 Metaspace       used 13955K, capacity 14221K, committed 14592K, reserved 1062912K
  class space    used 1343K, capacity 1431K, committed 1536K, reserved 1048576K
Event: 0,847 GC heap after
Heap after GC invocations=2 (full 0):
 PSYoungGen      total 104960K, used 7667K [0x0000000781b00000, 0x0000000788900000, 0x00000007c0000000)
  eden space 97280K, 0% used [0x0000000781b00000,0x0000000781b00000,0x0000000787a00000)
  from space 7680K, 99% used [0x0000000788180000,0x00000007888fcc90,0x0000000788900000)
  to   space 7680K, 0% used [0x0000000787a00000,0x0000000787a00000,0x0000000788180000)
 ParOldGen       total 128512K, used 16310K [0x0000000705000000, 0x000000070cd80000, 0x0000000781b00000)
  object space 128512K, 12% used [0x0000000705000000,0x0000000705fed9b8,0x000000070cd80000)
 Metaspace       used 13955K, capacity 14221K, committed 14592K, reserved 1062912K
  class space    used 1343K, capacity 1431K, committed 1536K, reserved 1048576K
}

