# JRE version: OpenJDK Runtime Environment (8.0_282-b08) (build 1.8.0_282-b08)
# Java VM: OpenJDK 64-Bit Server VM (25.282-b08 mixed mode windows-amd64 compressed oops)
Heap:
 PSYoungGen      total 84480K, used 15536K [0x0000000755a00000, 0x000000075b600000, 0x00000007c0000000)
  eden space 78848K, 12% used [0x0000000755a00000,0x00000007563f4178,0x000000075a700000)
  from space 5632K, 94% used [0x000000075b080000,0x000000075b5b80d0,0x000000075b600000)
  to   space 7680K, 0% used [0x000000075a700000,0x000000075a700000,0x000000075ae80000)
 ParOldGen       total 218624K, used 101K [0x0000000680e00000, 0x000000068e380000, 0x0000000755a00000)
  object space 218624K, 0% used [0x0000000680e00000,0x0000000680e19660,0x000000068e380000)
 Metaspace       used 14363K, capacity 14625K, committed 14848K, reserved 1062912K
  class space    used 1344K, capacity 1455K, committed 1536K, reserved 1048576K
GC Heap History (10 events):
Event: 14.938 GC heap before
{Heap before GC invocations=2 (full 0):
 PSYoungGen      total 95744K, used 88072K [0x0000000755a00000, 0x000000075c480000, 0x00000007c0000000)
  eden space 82432K, 100% used [0x0000000755a00000,0x000000075aa80000,0x000000075aa80000)
  from space 13312K, 42% used [0x000000075aa80000,0x000000075b002360,0x000000075b780000)
  to   space 13312K, 0% used [0x000000075b780000,0x000000075b780000,0x000000075c480000)
 ParOldGen       total 218624K, used 43K [0x0000000680e00000, 0x000000068e380000, 0x0000000755a00000)
  object space 218624K, 0% used [0x0000000680e00000,0x0000000680e0ac30,0x000000068e380000)
 Metaspace       used 14233K, capacity 14465K, committed 14848K, reserved 1062912K
  class space    used 1338K, capacity 1423K, committed 1536K, reserved 1048576K
Event: 14.942 GC heap after
Heap after GC invocations=2 (full 0):
 PSYoungGen      total 95744K, used 7136K [0x0000000755a00000, 0x000000075c480000, 0x00000007c0000000)
  eden space 82432K, 0% used [0x0000000755a00000,0x0000000755a00000,0x000000075aa80000)
  from space 13312K, 53% used [0x000000075b780000,0x000000075be78030,0x000000075c480000)
  to   space 13312K, 0% used [0x000000075aa80000,0x000000075aa80000,0x000000075b780000)
 ParOldGen       total 218624K, used 59K [0x0000000680e00000, 0x000000068e380000, 0x0000000755a00000)
  object space 218624K, 0% used [0x0000000680e00000,0x0000000680e0ec30,0x000000068e380000)
 Metaspace       used 14233K, capacity 14465K, committed 14848K, reserved 1062912K
  class space    used 1338K, capacity 1423K, committed 1536K, reserved 1048576K
}
Event: 22.410 GC heap before
{Heap before GC invocations=3 (full 0):
 PSYoungGen      total 95744K, used 89568K [0x0000000755a00000, 0x000000075c480000, 0x00000007c0000000)
  eden space 82432K, 100% used [0x0000000755a00000,0x000000075aa80000,0x000000075aa80000)
  from space 13312K, 53% used [0x000000075b780000,0x000000075be78030,0x000000075c480000)
  to   space 13312K, 0% used [0x000000075aa80000,0x000000075aa80000,0x000000075b780000)
 ParOldGen       total 218624K, used 59K [0x0000000680e00000, 0x000000068e380000, 0x0000000755a00000)
  object space 218624K, 0% used [0x0000000680e00000,0x0000000680e0ed08,0x000000068e380000)
 Metaspace       used 14265K, capacity 14529K, committed 14848K, reserved 1062912K
  class space    used 1339K, capacity 1423K, committed 1536K, reserved 1048576K
Event: 22.413 GC heap after
Heap after GC invocations=3 (full 0):
 PSYoungGen      total 95744K, used 5364K [0x0000000755a00000, 0x000000075c480000, 0x00000007c0000000)
  eden space 82432K, 0% used [0x0000000755a00000,0x0000000755a00000,0x000000075aa80000)
  from space 13312K, 40% used [0x000000075aa80000,0x000000075afbd3d8,0x000000075b780000)
  to   space 13312K, 0% used [0x000000075b780000,0x000000075b780000,0x000000075c480000)
 ParOldGen       total 218624K, used 67K [0x0000000680e00000, 0x000000068e380000, 0x0000000755a00000)
  object space 218624K, 0% used [0x0000000680e00000,0x0000000680e10d08,0x000000068e380000)
 Metaspace       used 14265K, capacity 14529K, committed 14848K, reserved 1062912K
  class space    used 1339K, capacity 1423K, committed 1536K, reserved 1048576K
}
Event: 26.920 GC heap before
{Heap before GC invocations=4 (full 0):
 PSYoungGen      total 95744K, used 87796K [0x0000000755a00000, 0x000000075c480000, 0x00000007c0000000)
  eden space 82432K, 100% used [0x0000000755a00000,0x000000075aa80000,0x000000075aa80000)
  from space 13312K, 40% used [0x000000075aa80000,0x000000075afbd3d8,0x000000075b780000)
  to   space 13312K, 0% used [0x000000075b780000,0x000000075b780000,0x000000075c480000)
 ParOldGen       total 218624K, used 77K [0x0000000680e00000, 0x000000068e380000, 0x0000000755a00000)
  object space 218624K, 0% used [0x0000000680e00000,0x0000000680e13660,0x000000068e380000)
 Metaspace       used 14309K, capacity 14529K, committed 14848K, reserved 1062912K
  class space    used 1339K, capacity 1423K, committed 1536K, reserved 1048576K
Event: 26.924 GC heap after
Heap after GC invocations=4 (full 0):
 PSYoungGen      total 95744K, used 5507K [0x0000000755a00000, 0x000000075c480000, 0x00000007c0000000)
  eden space 82432K, 0% used [0x0000000755a00000,0x0000000755a00000,0x000000075aa80000)
  from space 13312K, 41% used [0x000000075b780000,0x000000075bce0fb0,0x000000075c480000)
  to   space 13312K, 0% used [0x000000075aa80000,0x000000075aa80000,0x000000075b780000)
 ParOldGen       total 218624K, used 85K [0x0000000680e00000, 0x000000068e380000, 0x0000000755a00000)
  object space 218624K, 0% used [0x0000000680e00000,0x0000000680e15660,0x000000068e380000)
 Metaspace       used 14309K, capacity 14529K, committed 14848K, reserved 1062912K
  class space    used 1339K, capacity 1423K, committed 1536K, reserved 1048576K
}
Event: 30.260 GC heap before
{Heap before GC invocations=5 (full 0):
 PSYoungGen      total 95744K, used 86405K [0x0000000755a00000, 0x000000075c480000, 0x00000007c0000000)
  eden space 82432K, 98% used [0x0000000755a00000,0x000000075a900640,0x000000075aa80000)
  from space 13312K, 41% used [0x000000075b780000,0x000000075bce0fb0,0x000000075c480000)
  to   space 13312K, 0% used [0x000000075aa80000,0x000000075aa80000,0x000000075b780000)
 ParOldGen       total 218624K, used 85K [0x0000000680e00000, 0x000000068e380000, 0x0000000755a00000)
  object space 218624K, 0% used [0x0000000680e00000,0x0000000680e15660,0x000000068e380000)
 Metaspace       used 14342K, capacity 14593K, committed 14848K, reserved 1062912K
  class space    used 1340K, capacity 1423K, committed 1536K, reserved 1048576K
Event: 30.264 GC heap after
Heap after GC invocations=5 (full 0):
 PSYoungGen      total 83968K, used 3528K [0x0000000755a00000, 0x000000075b880000, 0x00000007c0000000)
  eden space 80384K, 0% used [0x0000000755a00000,0x0000000755a00000,0x000000075a880000)
  from space 3584K, 98% used [0x000000075aa80000,0x000000075adf22d0,0x000000075ae00000)
  to   space 8192K, 0% used [0x000000075b080000,0x000000075b080000,0x000000075b880000)
 ParOldGen       total 218624K, used 93K [0x0000000680e00000, 0x000000068e380000, 0x0000000755a00000)
  object space 218624K, 0% used [0x0000000680e00000,0x0000000680e17660,0x000000068e380000)
 Metaspace       used 14342K, capacity 14593K, committed 14848K, reserved 1062912K
  class space    used 1340K, capacity 1423K, committed 1536K, reserved 1048576K
}
Event: 38.019 GC heap before
{Heap before GC invocations=6 (full 0):
 PSYoungGen      total 83968K, used 83912K [0x0000000755a00000, 0x000000075b880000, 0x00000007c0000000)
  eden space 80384K, 100% used [0x0000000755a00000,0x000000075a880000,0x000000075a880000)
  from space 3584K, 98% used [0x000000075aa80000,0x000000075adf22d0,0x000000075ae00000)
  to   space 8192K, 0% used [0x000000075b080000,0x000000075b080000,0x000000075b880000)
 ParOldGen       total 218624K, used 93K [0x0000000680e00000, 0x000000068e380000, 0x0000000755a00000)
  object space 218624K, 0% used [0x0000000680e00000,0x0000000680e17660,0x000000068e380000)
 Metaspace       used 14352K, capacity 14593K, committed 14848K, reserved 1062912K
  class space    used 1340K, capacity 1423K, committed 1536K, reserved 1048576K
Event: 38.024 GC heap after
Heap after GC invocations=6 (full 0):
 PSYoungGen      total 84480K, used 5344K [0x0000000755a00000, 0x000000075b600000, 0x00000007c0000000)
  eden space 78848K, 0% used [0x0000000755a00000,0x0000000755a00000,0x000000075a700000)
  from space 5632K, 94% used [0x000000075b080000,0x000000075b5b80d0,0x000000075b600000)
  to   space 7680K, 0% used [0x000000075a700000,0x000000075a700000,0x000000075ae80000)
 ParOldGen       total 218624K, used 101K [0x0000000680e00000, 0x000000068e380000, 0x0000000755a00000)
  object space 218624K, 0% used [0x0000000680e00000,0x0000000680e19660,0x000000068e380000)
 Metaspace       used 14352K, capacity 14593K, committed 14848K, reserved 1062912K
  class space    used 1340K, capacity 1423K, committed 1536K, reserved 1048576K
}

