# JRE version: OpenJDK Runtime Environment (15.0.1) (build 15.0.1+0-adhoc..jdk15u-jdk-15.0.1-ga)
# Java VM: OpenJDK 64-Bit Server VM (15.0.1+0-adhoc..jdk15u-jdk-15.0.1-ga, mixed mode, sharing, tiered, compressed oops, g1 gc, linux-amd64)
GC Precious Log:
 CPUs: 8 total, 8 available
 Memory: 11935M
 Large Page Support: Disabled
 NUMA Support: Disabled
 Compressed Oops: Enabled (Zero based)
 Heap Region Size: 2M
 Heap Min Capacity: 8M
 Heap Initial Capacity: 188M
 Heap Max Capacity: 2984M
 Pre-touch: Disabled
 Parallel Workers: 8
 Concurrent Workers: 2
 Concurrent Refinement Workers: 8
 Periodic GC: Disabled
Heap:
 garbage-first heap   total 196608K, used 54217K [0x0000000745800000, 0x0000000800000000)
  region size 2048K, 5 young (10240K), 4 survivors (8192K)
 Metaspace       used 11563K, capacity 11741K, committed 12032K, reserved 1060864K
  class space    used 960K, capacity 1019K, committed 1024K, reserved 1048576K
GC Heap History (6 events):
Event: 2,551 GC heap before
{Heap before GC invocations=0 (full 0):
 garbage-first heap   total 196608K, used 28500K [0x0000000745800000, 0x0000000800000000)
  region size 2048K, 11 young (22528K), 0 survivors (0K)
 Metaspace       used 10004K, capacity 10266K, committed 10368K, reserved 1058816K
  class space    used 814K, capacity 890K, committed 896K, reserved 1048576K
}
Event: 2,564 GC heap after
{Heap after GC invocations=1 (full 0):
 garbage-first heap   total 196608K, used 10750K [0x0000000745800000, 0x0000000800000000)
  region size 2048K, 2 young (4096K), 2 survivors (4096K)
 Metaspace       used 10004K, capacity 10266K, committed 10368K, reserved 1058816K
  class space    used 814K, capacity 890K, committed 896K, reserved 1048576K
}
Event: 4,109 GC heap before
{Heap before GC invocations=1 (full 0):
 garbage-first heap   total 196608K, used 63998K [0x0000000745800000, 0x0000000800000000)
  region size 2048K, 20 young (40960K), 2 survivors (4096K)
 Metaspace       used 11324K, capacity 11549K, committed 11776K, reserved 1060864K
  class space    used 949K, capacity 1019K, committed 1024K, reserved 1048576K
}
Event: 4,132 GC heap after
{Heap after GC invocations=2 (full 0):
 garbage-first heap   total 196608K, used 19536K [0x0000000745800000, 0x0000000800000000)
  region size 2048K, 3 young (6144K), 3 survivors (6144K)
 Metaspace       used 11324K, capacity 11549K, committed 11776K, reserved 1060864K
  class space    used 949K, capacity 1019K, committed 1024K, reserved 1048576K
}
Event: 6,153 GC heap before
{Heap before GC invocations=2 (full 0):
 garbage-first heap   total 196608K, used 97360K [0x0000000745800000, 0x0000000800000000)
  region size 2048K, 11 young (22528K), 3 survivors (6144K)
 Metaspace       used 11562K, capacity 11741K, committed 12032K, reserved 1060864K
  class space    used 960K, capacity 1019K, committed 1024K, reserved 1048576K
}
Event: 6,176 GC heap after
{Heap after GC invocations=3 (full 0):
 garbage-first heap   total 196608K, used 33737K [0x0000000745800000, 0x0000000800000000)
  region size 2048K, 4 young (8192K), 4 survivors (8192K)
 Metaspace       used 11562K, capacity 11741K, committed 12032K, reserved 1060864K
  class space    used 960K, capacity 1019K, committed 1024K, reserved 1048576K
}

