# JRE version: OpenJDK Runtime Environment (8.0_282-b08) (build 1.8.0_282-b08)
# Java VM: OpenJDK 64-Bit Server VM (25.282-b08 mixed mode windows-amd64 compressed oops)
Heap:
 PSYoungGen      total 95744K, used 11539K [0x0000000755a00000, 0x000000075c480000, 0x00000007c0000000)
  eden space 82432K, 4% used [0x0000000755a00000,0x0000000755d8e848,0x000000075aa80000)
  from space 13312K, 59% used [0x000000075b780000,0x000000075bf365f8,0x000000075c480000)
  to   space 13312K, 0% used [0x000000075aa80000,0x000000075aa80000,0x000000075b780000)
 ParOldGen       total 218624K, used 32K [0x0000000680e00000, 0x000000068e380000, 0x0000000755a00000)
  object space 218624K, 0% used [0x0000000680e00000,0x0000000680e08000,0x000000068e380000)
 Metaspace       used 12978K, capacity 13145K, committed 13440K, reserved 1060864K
  class space    used 1245K, capacity 1327K, committed 1408K, reserved 1048576K
GC Heap History (4 events):
Event: 9.702 GC heap before
{Heap before GC invocations=1 (full 0):
 PSYoungGen      total 95744K, used 82186K [0x0000000755a00000, 0x000000075c480000, 0x00000007c0000000)
  eden space 82432K, 99% used [0x0000000755a00000,0x000000075aa42a20,0x000000075aa80000)
  from space 13312K, 0% used [0x000000075b780000,0x000000075b780000,0x000000075c480000)
  to   space 13312K, 0% used [0x000000075aa80000,0x000000075aa80000,0x000000075b780000)
 ParOldGen       total 218624K, used 0K [0x0000000680e00000, 0x000000068e380000, 0x0000000755a00000)
  object space 218624K, 0% used [0x0000000680e00000,0x0000000680e00000,0x000000068e380000)
 Metaspace       used 12898K, capacity 13145K, committed 13440K, reserved 1060864K
  class space    used 1242K, capacity 1327K, committed 1408K, reserved 1048576K
Event: 9.707 GC heap after
Heap after GC invocations=1 (full 0):
 PSYoungGen      total 95744K, used 4671K [0x0000000755a00000, 0x000000075c480000, 0x00000007c0000000)
  eden space 82432K, 0% used [0x0000000755a00000,0x0000000755a00000,0x000000075aa80000)
  from space 13312K, 35% used [0x000000075aa80000,0x000000075af0fe88,0x000000075b780000)
  to   space 13312K, 0% used [0x000000075b780000,0x000000075b780000,0x000000075c480000)
 ParOldGen       total 218624K, used 24K [0x0000000680e00000, 0x000000068e380000, 0x0000000755a00000)
  object space 218624K, 0% used [0x0000000680e00000,0x0000000680e06000,0x000000068e380000)
 Metaspace       used 12898K, capacity 13145K, committed 13440K, reserved 1060864K
  class space    used 1242K, capacity 1327K, committed 1408K, reserved 1048576K
}
Event: 12.698 GC heap before
{Heap before GC invocations=2 (full 0):
 PSYoungGen      total 95744K, used 87103K [0x0000000755a00000, 0x000000075c480000, 0x00000007c0000000)
  eden space 82432K, 100% used [0x0000000755a00000,0x000000075aa80000,0x000000075aa80000)
  from space 13312K, 35% used [0x000000075aa80000,0x000000075af0fe88,0x000000075b780000)
  to   space 13312K, 0% used [0x000000075b780000,0x000000075b780000,0x000000075c480000)
 ParOldGen       total 218624K, used 24K [0x0000000680e00000, 0x000000068e380000, 0x0000000755a00000)
  object space 218624K, 0% used [0x0000000680e00000,0x0000000680e06000,0x000000068e380000)
 Metaspace       used 12972K, capacity 13145K, committed 13440K, reserved 1060864K
  class space    used 1243K, capacity 1327K, committed 1408K, reserved 1048576K
Event: 12.701 GC heap after
Heap after GC invocations=2 (full 0):
 PSYoungGen      total 95744K, used 7897K [0x0000000755a00000, 0x000000075c480000, 0x00000007c0000000)
  eden space 82432K, 0% used [0x0000000755a00000,0x0000000755a00000,0x000000075aa80000)
  from space 13312K, 59% used [0x000000075b780000,0x000000075bf365f8,0x000000075c480000)
  to   space 13312K, 0% used [0x000000075aa80000,0x000000075aa80000,0x000000075b780000)
 ParOldGen       total 218624K, used 32K [0x0000000680e00000, 0x000000068e380000, 0x0000000755a00000)
  object space 218624K, 0% used [0x0000000680e00000,0x0000000680e08000,0x000000068e380000)
 Metaspace       used 12972K, capacity 13145K, committed 13440K, reserved 1060864K
  class space    used 1243K, capacity 1327K, committed 1408K, reserved 1048576K
}

