# JRE version: OpenJDK Runtime Environment (8.0_222) (build 1.8.0_222-ga)
# Java VM: OpenJDK 64-Bit Server VM (25.222-bga mixed mode linux-amd64 compressed oops)
Heap:
 PSYoungGen      total 101888K, used 1077K [0x0000000781b00000, 0x000000078a500000, 0x00000007c0000000)
  eden space 94208K, 1% used [0x0000000781b00000,0x0000000781c0d5e8,0x0000000787700000)
  from space 7680K, 0% used [0x0000000787a00000,0x0000000787a00000,0x0000000788180000)
  to   space 23552K, 0% used [0x0000000788e00000,0x0000000788e00000,0x000000078a500000)
 ParOldGen       total 137728K, used 58365K [0x0000000705000000, 0x000000070d680000, 0x0000000781b00000)
  object space 137728K, 42% used [0x0000000705000000,0x00000007088ff640,0x000000070d680000)
 Metaspace       used 15548K, capacity 15745K, committed 16128K, reserved 1064960K
  class space    used 1450K, capacity 1527K, committed 1536K, reserved 1048576K
GC Heap History (10 events):
Event: 0,833 GC heap before
{Heap before GC invocations=2 (full 0):
 PSYoungGen      total 56320K, used 54587K [0x0000000781b00000, 0x0000000785980000, 0x00000007c0000000)
  eden space 48640K, 96% used [0x0000000781b00000,0x00000007848d5998,0x0000000784a80000)
  from space 7680K, 99% used [0x0000000784a80000,0x00000007851f93a0,0x0000000785200000)
  to   space 7680K, 0% used [0x0000000785200000,0x0000000785200000,0x0000000785980000)
 ParOldGen       total 128512K, used 15487K [0x0000000705000000, 0x000000070cd80000, 0x0000000781b00000)
  object space 128512K, 12% used [0x0000000705000000,0x0000000705f1feb0,0x000000070cd80000)
 Metaspace       used 13958K, capacity 14173K, committed 14592K, reserved 1062912K
  class space    used 1343K, capacity 1431K, committed 1536K, reserved 1048576K
Event: 0,836 GC heap after
Heap after GC invocations=2 (full 0):
 PSYoungGen      total 56320K, used 7667K [0x0000000781b00000, 0x0000000788900000, 0x00000007c0000000)
  eden space 48640K, 0% used [0x0000000781b00000,0x0000000781b00000,0x0000000784a80000)
  from space 7680K, 99% used [0x0000000785200000,0x000000078597cc98,0x0000000785980000)
  to   space 7680K, 0% used [0x0000000784a80000,0x0000000784a80000,0x0000000785200000)
 ParOldGen       total 128512K, used 21146K [0x0000000705000000, 0x000000070cd80000, 0x0000000781b00000)
  object space 128512K, 16% used [0x0000000705000000,0x00000007064a6998,0x000000070cd80000)
 Metaspace       used 13958K, capacity 14173K, committed 14592K, reserved 1062912K
  class space    used 1343K, capacity 1431K, committed 1536K, reserved 1048576K
}
Event: 1,137 GC heap before
{Heap before GC invocations=3 (full 0):
 PSYoungGen      total 56320K, used 55555K [0x0000000781b00000, 0x0000000788900000, 0x00000007c0000000)
  eden space 48640K, 98% used [0x0000000781b00000,0x00000007849c41a8,0x0000000784a80000)
  from space 7680K, 99% used [0x0000000785200000,0x000000078597cc98,0x0000000785980000)
  to   space 7680K, 0% used [0x0000000784a80000,0x0000000784a80000,0x0000000785200000)
 ParOldGen       total 128512K, used 21146K [0x0000000705000000, 0x000000070cd80000, 0x0000000781b00000)
  object space 128512K, 16% used [0x0000000705000000,0x00000007064a6998,0x000000070cd80000)
 Metaspace       used 14013K, capacity 14237K, committed 14592K, reserved 1062912K
  class space    used 1344K, capacity 1431K, committed 1536K, reserved 1048576K
Event: 1,144 GC heap after
Heap after GC invocations=3 (full 0):
 PSYoungGen      total 56320K, used 7677K [0x0000000781b00000, 0x0000000788900000, 0x00000007c0000000)
  eden space 48640K, 0% used [0x0000000781b00000,0x0000000781b00000,0x0000000784a80000)
  from space 7680K, 99% used [0x0000000784a80000,0x00000007851ff4f8,0x0000000785200000)
  to   space 7680K, 0% used [0x0000000788180000,0x0000000788180000,0x0000000788900000)
 ParOldGen       total 128512K, used 31988K [0x0000000705000000, 0x000000070cd80000, 0x0000000781b00000)
  object space 128512K, 24% used [0x0000000705000000,0x0000000706f3d210,0x000000070cd80000)
 Metaspace       used 14013K, capacity 14237K, committed 14592K, reserved 1062912K
  class space    used 1344K, capacity 1431K, committed 1536K, reserved 1048576K
}
Event: 3,519 GC heap before
{Heap before GC invocations=4 (full 0):
 PSYoungGen      total 56320K, used 56317K [0x0000000781b00000, 0x0000000788900000, 0x00000007c0000000)
  eden space 48640K, 100% used [0x0000000781b00000,0x0000000784a80000,0x0000000784a80000)
  from space 7680K, 99% used [0x0000000784a80000,0x00000007851ff4f8,0x0000000785200000)
  to   space 7680K, 0% used [0x0000000788180000,0x0000000788180000,0x0000000788900000)
 ParOldGen       total 128512K, used 104429K [0x0000000705000000, 0x000000070cd80000, 0x0000000781b00000)
  object space 128512K, 81% used [0x0000000705000000,0x000000070b5fb630,0x000000070cd80000)
 Metaspace       used 15481K, capacity 15745K, committed 16128K, reserved 1064960K
  class space    used 1450K, capacity 1527K, committed 1536K, reserved 1048576K
Event: 3,524 GC heap after
Heap after GC invocations=4 (full 0):
 PSYoungGen      total 104960K, used 7667K [0x0000000781b00000, 0x0000000788900000, 0x00000007c0000000)
  eden space 97280K, 0% used [0x0000000781b00000,0x0000000781b00000,0x0000000787a00000)
  from space 7680K, 99% used [0x0000000788180000,0x00000007888fcd88,0x0000000788900000)
  to   space 7680K, 0% used [0x0000000787a00000,0x0000000787a00000,0x0000000788180000)
 ParOldGen       total 128512K, used 106867K [0x0000000705000000, 0x000000070cd80000, 0x0000000781b00000)
  object space 128512K, 83% used [0x0000000705000000,0x000000070b85cf48,0x000000070cd80000)
 Metaspace       used 15481K, capacity 15745K, committed 16128K, reserved 1064960K
  class space    used 1450K, capacity 1527K, committed 1536K, reserved 1048576K
}
Event: 11,886 GC heap before
{Heap before GC invocations=5 (full 0):
 PSYoungGen      total 104960K, used 104947K [0x0000000781b00000, 0x0000000788900000, 0x00000007c0000000)
  eden space 97280K, 100% used [0x0000000781b00000,0x0000000787a00000,0x0000000787a00000)
  from space 7680K, 99% used [0x0000000788180000,0x00000007888fcd88,0x0000000788900000)
  to   space 7680K, 0% used [0x0000000787a00000,0x0000000787a00000,0x0000000788180000)
 ParOldGen       total 128512K, used 106867K [0x0000000705000000, 0x000000070cd80000, 0x0000000781b00000)
  object space 128512K, 83% used [0x0000000705000000,0x000000070b85cf48,0x000000070cd80000)
 Metaspace       used 15548K, capacity 15745K, committed 16128K, reserved 1064960K
  class space    used 1450K, capacity 1527K, committed 1536K, reserved 1048576K
Event: 11,895 GC heap after
Heap after GC invocations=5 (full 0):
 PSYoungGen      total 101888K, used 7667K [0x0000000781b00000, 0x000000078a500000, 0x00000007c0000000)
  eden space 94208K, 0% used [0x0000000781b00000,0x0000000781b00000,0x0000000787700000)
  from space 7680K, 99% used [0x0000000787a00000,0x000000078817cd98,0x0000000788180000)
  to   space 23552K, 0% used [0x0000000788e00000,0x0000000788e00000,0x000000078a500000)
 ParOldGen       total 128512K, used 114779K [0x0000000705000000, 0x000000070cd80000, 0x0000000781b00000)
  object space 128512K, 89% used [0x0000000705000000,0x000000070c016f48,0x000000070cd80000)
 Metaspace       used 15548K, capacity 15745K, committed 16128K, reserved 1064960K
  class space    used 1450K, capacity 1527K, committed 1536K, reserved 1048576K
}
Event: 11,895 GC heap before
{Heap before GC invocations=6 (full 1):
 PSYoungGen      total 101888K, used 7667K [0x0000000781b00000, 0x000000078a500000, 0x00000007c0000000)
  eden space 94208K, 0% used [0x0000000781b00000,0x0000000781b00000,0x0000000787700000)
  from space 7680K, 99% used [0x0000000787a00000,0x000000078817cd98,0x0000000788180000)
  to   space 23552K, 0% used [0x0000000788e00000,0x0000000788e00000,0x000000078a500000)
 ParOldGen       total 128512K, used 114779K [0x0000000705000000, 0x000000070cd80000, 0x0000000781b00000)
  object space 128512K, 89% used [0x0000000705000000,0x000000070c016f48,0x000000070cd80000)
 Metaspace       used 15548K, capacity 15745K, committed 16128K, reserved 1064960K
  class space    used 1450K, capacity 1527K, committed 1536K, reserved 1048576K
Event: 11,938 GC heap after
Heap after GC invocations=6 (full 1):
 PSYoungGen      total 101888K, used 0K [0x0000000781b00000, 0x000000078a500000, 0x00000007c0000000)
  eden space 94208K, 0% used [0x0000000781b00000,0x0000000781b00000,0x0000000787700000)
  from space 7680K, 0% used [0x0000000787a00000,0x0000000787a00000,0x0000000788180000)
  to   space 23552K, 0% used [0x0000000788e00000,0x0000000788e00000,0x000000078a500000)
 ParOldGen       total 137728K, used 58365K [0x0000000705000000, 0x000000070d680000, 0x0000000781b00000)
  object space 137728K, 42% used [0x0000000705000000,0x00000007088ff640,0x000000070d680000)
 Metaspace       used 15548K, capacity 15745K, committed 16128K, reserved 1064960K
  class space    used 1450K, capacity 1527K, committed 1536K, reserved 1048576K
}

