# JRE version: OpenJDK Runtime Environment (11.0.2+9) (build 11.0.2+9)
# Java VM: OpenJDK 64-Bit Server VM (11.0.2+9, mixed mode, tiered, compressed oops, g1 gc, windows-amd64)
Heap:
 garbage-first heap   total 327680K, used 62066K [0x00000006c0e00000, 0x0000000800000000)
  region size 1024K, 6 young (6144K), 5 survivors (5120K)
 Metaspace       used 19906K, capacity 20335K, committed 20608K, reserved 1069056K
  class space    used 1725K, capacity 1867K, committed 1920K, reserved 1048576K
GC Heap History (6 events):
Event: 1.525 GC heap before
{Heap before GC invocations=0 (full 0):
 garbage-first heap   total 327680K, used 15360K [0x00000006c0e00000, 0x0000000800000000)
  region size 1024K, 16 young (16384K), 0 survivors (0K)
 Metaspace       used 13458K, capacity 13698K, committed 14080K, reserved 1062912K
  class space    used 1087K, capacity 1166K, committed 1280K, reserved 1048576K
}
Event: 1.528 GC heap after
{Heap after GC invocations=1 (full 0):
 garbage-first heap   total 327680K, used 2264K [0x00000006c0e00000, 0x0000000800000000)
  region size 1024K, 2 young (2048K), 2 survivors (2048K)
 Metaspace       used 13458K, capacity 13698K, committed 14080K, reserved 1062912K
  class space    used 1087K, capacity 1166K, committed 1280K, reserved 1048576K
}
Event: 3.120 GC heap before
{Heap before GC invocations=1 (full 0):
 garbage-first heap   total 327680K, used 162008K [0x00000006c0e00000, 0x0000000800000000)
  region size 1024K, 42 young (43008K), 2 survivors (2048K)
 Metaspace       used 17966K, capacity 18248K, committed 18432K, reserved 1067008K
  class space    used 1576K, capacity 1684K, committed 1792K, reserved 1048576K
}
Event: 3.126 GC heap after
{Heap after GC invocations=2 (full 0):
 garbage-first heap   total 327680K, used 45525K [0x00000006c0e00000, 0x0000000800000000)
  region size 1024K, 11 young (11264K), 11 survivors (11264K)
 Metaspace       used 17966K, capacity 18248K, committed 18432K, reserved 1067008K
  class space    used 1576K, capacity 1684K, committed 1792K, reserved 1048576K
}
Event: 7.737 GC heap before
{Heap before GC invocations=3 (full 0):
 garbage-first heap   total 327680K, used 150997K [0x00000006c0e00000, 0x0000000800000000)
  region size 1024K, 38 young (38912K), 11 survivors (11264K)
 Metaspace       used 19894K, capacity 20335K, committed 20608K, reserved 1069056K
  class space    used 1725K, capacity 1867K, committed 1920K, reserved 1048576K
}
Event: 7.744 GC heap after
{Heap after GC invocations=4 (full 0):
 garbage-first heap   total 327680K, used 62066K [0x00000006c0e00000, 0x0000000800000000)
  region size 1024K, 5 young (5120K), 5 survivors (5120K)
 Metaspace       used 19894K, capacity 20335K, committed 20608K, reserved 1069056K
  class space    used 1725K, capacity 1867K, committed 1920K, reserved 1048576K
}

