# JRE version: OpenJDK Runtime Environment (11.0.2+9) (build 11.0.2+9)
# Java VM: OpenJDK 64-Bit Server VM (11.0.2+9, mixed mode, tiered, compressed oops, g1 gc, windows-amd64)
Heap:
 garbage-first heap   total 327680K, used 62743K [0x00000006c0e00000, 0x0000000800000000)
  region size 1024K, 7 young (7168K), 5 survivors (5120K)
 Metaspace       used 19903K, capacity 20341K, committed 20608K, reserved 1069056K
  class space    used 1725K, capacity 1869K, committed 1920K, reserved 1048576K
GC Heap History (8 events):
Event: 2.449 GC heap before
{Heap before GC invocations=0 (full 0):
 garbage-first heap   total 327680K, used 15360K [0x00000006c0e00000, 0x0000000800000000)
  region size 1024K, 16 young (16384K), 0 survivors (0K)
 Metaspace       used 13469K, capacity 13698K, committed 14080K, reserved 1062912K
  class space    used 1087K, capacity 1166K, committed 1280K, reserved 1048576K
}
Event: 2.453 GC heap after
{Heap after GC invocations=1 (full 0):
 garbage-first heap   total 327680K, used 2261K [0x00000006c0e00000, 0x0000000800000000)
  region size 1024K, 2 young (2048K), 2 survivors (2048K)
 Metaspace       used 13469K, capacity 13698K, committed 14080K, reserved 1062912K
  class space    used 1087K, capacity 1166K, committed 1280K, reserved 1048576K
}
Event: 4.520 GC heap before
{Heap before GC invocations=1 (full 0):
 garbage-first heap   total 327680K, used 162005K [0x00000006c0e00000, 0x0000000800000000)
  region size 1024K, 42 young (43008K), 2 survivors (2048K)
 Metaspace       used 17972K, capacity 18318K, committed 18432K, reserved 1067008K
  class space    used 1578K, capacity 1686K, committed 1792K, reserved 1048576K
}
Event: 4.525 GC heap after
{Heap after GC invocations=2 (full 0):
 garbage-first heap   total 327680K, used 45790K [0x00000006c0e00000, 0x0000000800000000)
  region size 1024K, 11 young (11264K), 11 survivors (11264K)
 Metaspace       used 17972K, capacity 18318K, committed 18432K, reserved 1067008K
  class space    used 1578K, capacity 1686K, committed 1792K, reserved 1048576K
}
Event: 8.040 GC heap before
{Heap before GC invocations=3 (full 0):
 garbage-first heap   total 327680K, used 151262K [0x00000006c0e00000, 0x0000000800000000)
  region size 1024K, 39 young (39936K), 11 survivors (11264K)
 Metaspace       used 19848K, capacity 20213K, committed 20352K, reserved 1067008K
  class space    used 1725K, capacity 1869K, committed 1920K, reserved 1048576K
}
Event: 8.045 GC heap after
{Heap after GC invocations=4 (full 0):
 garbage-first heap   total 327680K, used 60638K [0x00000006c0e00000, 0x0000000800000000)
  region size 1024K, 4 young (4096K), 4 survivors (4096K)
 Metaspace       used 19848K, capacity 20213K, committed 20352K, reserved 1067008K
  class space    used 1725K, capacity 1869K, committed 1920K, reserved 1048576K
}
Event: 11.778 GC heap before
{Heap before GC invocations=4 (full 0):
 garbage-first heap   total 327680K, used 106718K [0x00000006c0e00000, 0x0000000800000000)
  region size 1024K, 49 young (50176K), 4 survivors (4096K)
 Metaspace       used 19903K, capacity 20341K, committed 20608K, reserved 1069056K
  class space    used 1725K, capacity 1869K, committed 1920K, reserved 1048576K
}
Event: 11.782 GC heap after
{Heap after GC invocations=5 (full 0):
 garbage-first heap   total 327680K, used 61719K [0x00000006c0e00000, 0x0000000800000000)
  region size 1024K, 5 young (5120K), 5 survivors (5120K)
 Metaspace       used 19903K, capacity 20341K, committed 20608K, reserved 1069056K
  class space    used 1725K, capacity 1869K, committed 1920K, reserved 1048576K
}

