# JRE version: OpenJDK Runtime Environment (8.0_282-b08) (build 1.8.0_282-b08)
# Java VM: OpenJDK 64-Bit Server VM (25.282-b08 mixed mode windows-amd64 compressed oops)
Heap:
 PSYoungGen      total 95744K, used 15669K [0x0000000755a00000, 0x000000075c480000, 0x00000007c0000000)
  eden space 82432K, 2% used [0x0000000755a00000,0x0000000755c54f60,0x000000075aa80000)
  from space 13312K, 99% used [0x000000075aa80000,0x000000075b778500,0x000000075b780000)
  to   space 13312K, 0% used [0x000000075b780000,0x000000075b780000,0x000000075c480000)
 ParOldGen       total 218624K, used 7944K [0x0000000680e00000, 0x000000068e380000, 0x0000000755a00000)
  object space 218624K, 3% used [0x0000000680e00000,0x00000006815c22c8,0x000000068e380000)
 Metaspace       used 14349K, capacity 14621K, committed 14848K, reserved 1062912K
  class space    used 1346K, capacity 1455K, committed 1536K, reserved 1048576K
GC Heap History (6 events):
Event: 10.137 GC heap before
{Heap before GC invocations=1 (full 0):
 PSYoungGen      total 95744K, used 82432K [0x0000000755a00000, 0x000000075c480000, 0x00000007c0000000)
  eden space 82432K, 100% used [0x0000000755a00000,0x000000075aa80000,0x000000075aa80000)
  from space 13312K, 0% used [0x000000075b780000,0x000000075b780000,0x000000075c480000)
  to   space 13312K, 0% used [0x000000075aa80000,0x000000075aa80000,0x000000075b780000)
 ParOldGen       total 218624K, used 0K [0x0000000680e00000, 0x000000068e380000, 0x0000000755a00000)
  object space 218624K, 0% used [0x0000000680e00000,0x0000000680e00000,0x000000068e380000)
 Metaspace       used 14283K, capacity 14461K, committed 14848K, reserved 1062912K
  class space    used 1341K, capacity 1423K, committed 1536K, reserved 1048576K
Event: 10.159 GC heap after
Heap after GC invocations=1 (full 0):
 PSYoungGen      total 95744K, used 13285K [0x0000000755a00000, 0x000000075c480000, 0x00000007c0000000)
  eden space 82432K, 0% used [0x0000000755a00000,0x0000000755a00000,0x000000075aa80000)
  from space 13312K, 99% used [0x000000075aa80000,0x000000075b779400,0x000000075b780000)
  to   space 13312K, 0% used [0x000000075b780000,0x000000075b780000,0x000000075c480000)
 ParOldGen       total 218624K, used 2296K [0x0000000680e00000, 0x000000068e380000, 0x0000000755a00000)
  object space 218624K, 1% used [0x0000000680e00000,0x000000068103e2c8,0x000000068e380000)
 Metaspace       used 14283K, capacity 14461K, committed 14848K, reserved 1062912K
  class space    used 1341K, capacity 1423K, committed 1536K, reserved 1048576K
}
Event: 23.082 GC heap before
{Heap before GC invocations=2 (full 0):
 PSYoungGen      total 95744K, used 95717K [0x0000000755a00000, 0x000000075c480000, 0x00000007c0000000)
  eden space 82432K, 100% used [0x0000000755a00000,0x000000075aa80000,0x000000075aa80000)
  from space 13312K, 99% used [0x000000075aa80000,0x000000075b779400,0x000000075b780000)
  to   space 13312K, 0% used [0x000000075b780000,0x000000075b780000,0x000000075c480000)
 ParOldGen       total 218624K, used 2296K [0x0000000680e00000, 0x000000068e380000, 0x0000000755a00000)
  object space 218624K, 1% used [0x0000000680e00000,0x000000068103e2c8,0x000000068e380000)
 Metaspace       used 14312K, capacity 14525K, committed 14848K, reserved 1062912K
  class space    used 1341K, capacity 1423K, committed 1536K, reserved 1048576K
Event: 23.110 GC heap after
Heap after GC invocations=2 (full 0):
 PSYoungGen      total 95744K, used 13285K [0x0000000755a00000, 0x000000075c480000, 0x00000007c0000000)
  eden space 82432K, 0% used [0x0000000755a00000,0x0000000755a00000,0x000000075aa80000)
  from space 13312K, 99% used [0x000000075b780000,0x000000075c479680,0x000000075c480000)
  to   space 13312K, 0% used [0x000000075aa80000,0x000000075aa80000,0x000000075b780000)
 ParOldGen       total 218624K, used 6520K [0x0000000680e00000, 0x000000068e380000, 0x0000000755a00000)
  object space 218624K, 2% used [0x0000000680e00000,0x000000068145e2c8,0x000000068e380000)
 Metaspace       used 14312K, capacity 14525K, committed 14848K, reserved 1062912K
  class space    used 1341K, capacity 1423K, committed 1536K, reserved 1048576K
}
Event: 32.355 GC heap before
{Heap before GC invocations=3 (full 0):
 PSYoungGen      total 95744K, used 95717K [0x0000000755a00000, 0x000000075c480000, 0x00000007c0000000)
  eden space 82432K, 100% used [0x0000000755a00000,0x000000075aa80000,0x000000075aa80000)
  from space 13312K, 99% used [0x000000075b780000,0x000000075c479680,0x000000075c480000)
  to   space 13312K, 0% used [0x000000075aa80000,0x000000075aa80000,0x000000075b780000)
 ParOldGen       total 218624K, used 6520K [0x0000000680e00000, 0x000000068e380000, 0x0000000755a00000)
  object space 218624K, 2% used [0x0000000680e00000,0x000000068145e2c8,0x000000068e380000)
 Metaspace       used 14338K, capacity 14589K, committed 14848K, reserved 1062912K
  class space    used 1342K, capacity 1423K, committed 1536K, reserved 1048576K
Event: 32.374 GC heap after
Heap after GC invocations=3 (full 0):
 PSYoungGen      total 95744K, used 13281K [0x0000000755a00000, 0x000000075c480000, 0x00000007c0000000)
  eden space 82432K, 0% used [0x0000000755a00000,0x0000000755a00000,0x000000075aa80000)
  from space 13312K, 99% used [0x000000075aa80000,0x000000075b778500,0x000000075b780000)
  to   space 13312K, 0% used [0x000000075b780000,0x000000075b780000,0x000000075c480000)
 ParOldGen       total 218624K, used 7944K [0x0000000680e00000, 0x000000068e380000, 0x0000000755a00000)
  object space 218624K, 3% used [0x0000000680e00000,0x00000006815c22c8,0x000000068e380000)
 Metaspace       used 14338K, capacity 14589K, committed 14848K, reserved 1062912K
  class space    used 1342K, capacity 1423K, committed 1536K, reserved 1048576K
}

