# JRE version: OpenJDK Runtime Environment (11.0.2+9) (build 11.0.2+9)
# Java VM: OpenJDK 64-Bit Server VM (11.0.2+9, mixed mode, tiered, compressed oops, g1 gc, windows-amd64)
Heap:
 garbage-first heap   total 327680K, used 62336K [0x00000006c0e00000, 0x0000000800000000)
  region size 1024K, 6 young (6144K), 5 survivors (5120K)
 Metaspace       used 19890K, capacity 20236K, committed 20352K, reserved 1067008K
  class space    used 1723K, capacity 1834K, committed 1920K, reserved 1048576K
GC Heap History (8 events):
Event: 1.602 GC heap before
{Heap before GC invocations=0 (full 0):
 garbage-first heap   total 327680K, used 15360K [0x00000006c0e00000, 0x0000000800000000)
  region size 1024K, 16 young (16384K), 0 survivors (0K)
 Metaspace       used 13436K, capacity 13694K, committed 14080K, reserved 1062912K
  class space    used 1086K, capacity 1164K, committed 1280K, reserved 1048576K
}
Event: 1.608 GC heap after
{Heap after GC invocations=1 (full 0):
 garbage-first heap   total 327680K, used 2265K [0x00000006c0e00000, 0x0000000800000000)
  region size 1024K, 2 young (2048K), 2 survivors (2048K)
 Metaspace       used 13436K, capacity 13694K, committed 14080K, reserved 1062912K
  class space    used 1086K, capacity 1164K, committed 1280K, reserved 1048576K
}
Event: 3.063 GC heap before
{Heap before GC invocations=1 (full 0):
 garbage-first heap   total 327680K, used 162009K [0x00000006c0e00000, 0x0000000800000000)
  region size 1024K, 42 young (43008K), 2 survivors (2048K)
 Metaspace       used 17975K, capacity 18245K, committed 18432K, reserved 1067008K
  class space    used 1581K, capacity 1683K, committed 1792K, reserved 1048576K
}
Event: 3.069 GC heap after
{Heap after GC invocations=2 (full 0):
 garbage-first heap   total 327680K, used 45357K [0x00000006c0e00000, 0x0000000800000000)
  region size 1024K, 11 young (11264K), 11 survivors (11264K)
 Metaspace       used 17975K, capacity 18245K, committed 18432K, reserved 1067008K
  class space    used 1581K, capacity 1683K, committed 1792K, reserved 1048576K
}
Event: 6.992 GC heap before
{Heap before GC invocations=3 (full 0):
 garbage-first heap   total 327680K, used 152877K [0x00000006c0e00000, 0x0000000800000000)
  region size 1024K, 40 young (40960K), 11 survivors (11264K)
 Metaspace       used 19850K, capacity 20236K, committed 20352K, reserved 1067008K
  class space    used 1723K, capacity 1834K, committed 1920K, reserved 1048576K
}
Event: 6.998 GC heap after
{Heap after GC invocations=4 (full 0):
 garbage-first heap   total 327680K, used 61489K [0x00000006c0e00000, 0x0000000800000000)
  region size 1024K, 5 young (5120K), 5 survivors (5120K)
 Metaspace       used 19850K, capacity 20236K, committed 20352K, reserved 1067008K
  class space    used 1723K, capacity 1834K, committed 1920K, reserved 1048576K
}
Event: 10.791 GC heap before
{Heap before GC invocations=4 (full 0):
 garbage-first heap   total 327680K, used 108593K [0x00000006c0e00000, 0x0000000800000000)
  region size 1024K, 51 young (52224K), 5 survivors (5120K)
 Metaspace       used 19890K, capacity 20236K, committed 20352K, reserved 1067008K
  class space    used 1723K, capacity 1834K, committed 1920K, reserved 1048576K
}
Event: 10.797 GC heap after
{Heap after GC invocations=5 (full 0):
 garbage-first heap   total 327680K, used 62336K [0x00000006c0e00000, 0x0000000800000000)
  region size 1024K, 5 young (5120K), 5 survivors (5120K)
 Metaspace       used 19890K, capacity 20236K, committed 20352K, reserved 1067008K
  class space    used 1723K, capacity 1834K, committed 1920K, reserved 1048576K
}

