# JRE version: OpenJDK Runtime Environment (15.0.1) (build 15.0.1+0-adhoc..jdk15u-jdk-15.0.1-ga)
# Java VM: OpenJDK 64-Bit Server VM (15.0.1+0-adhoc..jdk15u-jdk-15.0.1-ga, mixed mode, sharing, tiered, compressed oops, g1 gc, linux-amd64)
GC Precious Log:
 CPUs: 8 total, 8 available
 Memory: 11935M
 Large Page Support: Disabled
 NUMA Support: Disabled
 Compressed Oops: Enabled (Zero based)
 Heap Region Size: 2M
 Heap Min Capacity: 8M
 Heap Initial Capacity: 188M
 Heap Max Capacity: 2984M
 Pre-touch: Disabled
 Parallel Workers: 8
 Concurrent Workers: 2
 Concurrent Refinement Workers: 8
 Periodic GC: Disabled
Heap:
 garbage-first heap   total 196608K, used 89759K [0x0000000745800000, 0x0000000800000000)
  region size 2048K, 3 young (6144K), 2 survivors (4096K)
 Metaspace       used 10835K, capacity 11054K, committed 11264K, reserved 1058816K
  class space    used 902K, capacity 959K, committed 1024K, reserved 1048576K
GC Heap History (6 events):
Event: 2,081 GC heap before
{Heap before GC invocations=0 (full 0):
 garbage-first heap   total 196608K, used 24404K [0x0000000745800000, 0x0000000800000000)
  region size 2048K, 11 young (22528K), 0 survivors (0K)
 Metaspace       used 9406K, capacity 9643K, committed 9856K, reserved 1058816K
  class space    used 760K, capacity 830K, committed 896K, reserved 1048576K
}
Event: 2,091 GC heap after
{Heap after GC invocations=1 (full 0):
 garbage-first heap   total 196608K, used 7641K [0x0000000745800000, 0x0000000800000000)
  region size 2048K, 2 young (4096K), 2 survivors (4096K)
 Metaspace       used 9406K, capacity 9643K, committed 9856K, reserved 1058816K
  class space    used 760K, capacity 830K, committed 896K, reserved 1048576K
}
Event: 4,172 GC heap before
{Heap before GC invocations=1 (full 0):
 garbage-first heap   total 196608K, used 110041K [0x0000000745800000, 0x0000000800000000)
  region size 2048K, 18 young (36864K), 2 survivors (4096K)
 Metaspace       used 10811K, capacity 10990K, committed 11264K, reserved 1058816K
  class space    used 900K, capacity 959K, committed 1024K, reserved 1048576K
}
Event: 4,208 GC heap after
{Heap after GC invocations=2 (full 0):
 garbage-first heap   total 196608K, used 29298K [0x0000000745800000, 0x0000000800000000)
  region size 2048K, 3 young (6144K), 3 survivors (6144K)
 Metaspace       used 10811K, capacity 10990K, committed 11264K, reserved 1058816K
  class space    used 900K, capacity 959K, committed 1024K, reserved 1048576K
}
Event: 6,325 GC heap before
{Heap before GC invocations=2 (full 0):
 garbage-first heap   total 196608K, used 72306K [0x0000000745800000, 0x0000000800000000)
  region size 2048K, 7 young (14336K), 3 survivors (6144K)
 Metaspace       used 10834K, capacity 11054K, committed 11264K, reserved 1058816K
  class space    used 902K, capacity 959K, committed 1024K, reserved 1048576K
}
Event: 6,344 GC heap after
{Heap after GC invocations=3 (full 0):
 garbage-first heap   total 196608K, used 50847K [0x0000000745800000, 0x0000000800000000)
  region size 2048K, 2 young (4096K), 2 survivors (4096K)
 Metaspace       used 10834K, capacity 11054K, committed 11264K, reserved 1058816K
  class space    used 902K, capacity 959K, committed 1024K, reserved 1048576K
}

