# JRE version: OpenJDK Runtime Environment (8.0_282-b08) (build 1.8.0_282-b08)
# Java VM: OpenJDK 64-Bit Server VM (25.282-b08 mixed mode windows-amd64 compressed oops)
Heap:
 PSYoungGen      total 86528K, used 9687K [0x0000000755a00000, 0x000000075b800000, 0x00000007c0000000)
  eden space 80384K, 4% used [0x0000000755a00000,0x0000000755de0218,0x000000075a880000)
  from space 6144K, 93% used [0x000000075aa80000,0x000000075b015a60,0x000000075b080000)
  to   space 7680K, 0% used [0x000000075b080000,0x000000075b080000,0x000000075b800000)
 ParOldGen       total 218624K, used 2215K [0x0000000680e00000, 0x000000068e380000, 0x0000000755a00000)
  object space 218624K, 1% used [0x0000000680e00000,0x0000000681029f98,0x000000068e380000)
 Metaspace       used 14161K, capacity 14389K, committed 14592K, reserved 1062912K
  class space    used 1340K, capacity 1423K, committed 1536K, reserved 1048576K
GC Heap History (10 events):
Event: 5.059 GC heap before
{Heap before GC invocations=1 (full 0):
 PSYoungGen      total 95744K, used 80687K [0x0000000755a00000, 0x000000075c480000, 0x00000007c0000000)
  eden space 82432K, 97% used [0x0000000755a00000,0x000000075a8cbde0,0x000000075aa80000)
  from space 13312K, 0% used [0x000000075b780000,0x000000075b780000,0x000000075c480000)
  to   space 13312K, 0% used [0x000000075aa80000,0x000000075aa80000,0x000000075b780000)
 ParOldGen       total 218624K, used 0K [0x0000000680e00000, 0x000000068e380000, 0x0000000755a00000)
  object space 218624K, 0% used [0x0000000680e00000,0x0000000680e00000,0x000000068e380000)
 Metaspace       used 14081K, capacity 14325K, committed 14592K, reserved 1062912K
  class space    used 1338K, capacity 1423K, committed 1536K, reserved 1048576K
Event: 5.065 GC heap after
Heap after GC invocations=1 (full 0):
 PSYoungGen      total 95744K, used 5613K [0x0000000755a00000, 0x000000075c480000, 0x00000007c0000000)
  eden space 82432K, 0% used [0x0000000755a00000,0x0000000755a00000,0x000000075aa80000)
  from space 13312K, 42% used [0x000000075aa80000,0x000000075affb5e0,0x000000075b780000)
  to   space 13312K, 0% used [0x000000075b780000,0x000000075b780000,0x000000075c480000)
 ParOldGen       total 218624K, used 39K [0x0000000680e00000, 0x000000068e380000, 0x0000000755a00000)
  object space 218624K, 0% used [0x0000000680e00000,0x0000000680e09c40,0x000000068e380000)
 Metaspace       used 14081K, capacity 14325K, committed 14592K, reserved 1062912K
  class space    used 1338K, capacity 1423K, committed 1536K, reserved 1048576K
}
Event: 7.054 GC heap before
{Heap before GC invocations=2 (full 0):
 PSYoungGen      total 95744K, used 88045K [0x0000000755a00000, 0x000000075c480000, 0x00000007c0000000)
  eden space 82432K, 100% used [0x0000000755a00000,0x000000075aa80000,0x000000075aa80000)
  from space 13312K, 42% used [0x000000075aa80000,0x000000075affb5e0,0x000000075b780000)
  to   space 13312K, 0% used [0x000000075b780000,0x000000075b780000,0x000000075c480000)
 ParOldGen       total 218624K, used 75K [0x0000000680e00000, 0x000000068e380000, 0x0000000755a00000)
  object space 218624K, 0% used [0x0000000680e00000,0x0000000680e12d38,0x000000068e380000)
 Metaspace       used 14128K, capacity 14325K, committed 14592K, reserved 1062912K
  class space    used 1338K, capacity 1423K, committed 1536K, reserved 1048576K
Event: 7.060 GC heap after
Heap after GC invocations=2 (full 0):
 PSYoungGen      total 95744K, used 7471K [0x0000000755a00000, 0x000000075c480000, 0x00000007c0000000)
  eden space 82432K, 0% used [0x0000000755a00000,0x0000000755a00000,0x000000075aa80000)
  from space 13312K, 56% used [0x000000075b780000,0x000000075becbc28,0x000000075c480000)
  to   space 13312K, 0% used [0x000000075aa80000,0x000000075aa80000,0x000000075b780000)
 ParOldGen       total 218624K, used 83K [0x0000000680e00000, 0x000000068e380000, 0x0000000755a00000)
  object space 218624K, 0% used [0x0000000680e00000,0x0000000680e14d38,0x000000068e380000)
 Metaspace       used 14128K, capacity 14325K, committed 14592K, reserved 1062912K
  class space    used 1338K, capacity 1423K, committed 1536K, reserved 1048576K
}
Event: 8.067 GC heap before
{Heap before GC invocations=3 (full 0):
 PSYoungGen      total 95744K, used 89903K [0x0000000755a00000, 0x000000075c480000, 0x00000007c0000000)
  eden space 82432K, 100% used [0x0000000755a00000,0x000000075aa80000,0x000000075aa80000)
  from space 13312K, 56% used [0x000000075b780000,0x000000075becbc28,0x000000075c480000)
  to   space 13312K, 0% used [0x000000075aa80000,0x000000075aa80000,0x000000075b780000)
 ParOldGen       total 218624K, used 2159K [0x0000000680e00000, 0x000000068e380000, 0x0000000755a00000)
  object space 218624K, 0% used [0x0000000680e00000,0x000000068101bc00,0x000000068e380000)
 Metaspace       used 14134K, capacity 14325K, committed 14592K, reserved 1062912K
  class space    used 1338K, capacity 1423K, committed 1536K, reserved 1048576K
Event: 8.070 GC heap after
Heap after GC invocations=3 (full 0):
 PSYoungGen      total 95744K, used 3479K [0x0000000755a00000, 0x000000075c480000, 0x00000007c0000000)
  eden space 82432K, 0% used [0x0000000755a00000,0x0000000755a00000,0x000000075aa80000)
  from space 13312K, 26% used [0x000000075aa80000,0x000000075ade5f88,0x000000075b780000)
  to   space 13312K, 0% used [0x000000075b780000,0x000000075b780000,0x000000075c480000)
 ParOldGen       total 218624K, used 2167K [0x0000000680e00000, 0x000000068e380000, 0x0000000755a00000)
  object space 218624K, 0% used [0x0000000680e00000,0x000000068101dc00,0x000000068e380000)
 Metaspace       used 14134K, capacity 14325K, committed 14592K, reserved 1062912K
  class space    used 1338K, capacity 1423K, committed 1536K, reserved 1048576K
}
Event: 9.208 GC heap before
{Heap before GC invocations=4 (full 0):
 PSYoungGen      total 95744K, used 85911K [0x0000000755a00000, 0x000000075c480000, 0x00000007c0000000)
  eden space 82432K, 100% used [0x0000000755a00000,0x000000075aa80000,0x000000075aa80000)
  from space 13312K, 26% used [0x000000075aa80000,0x000000075ade5f88,0x000000075b780000)
  to   space 13312K, 0% used [0x000000075b780000,0x000000075b780000,0x000000075c480000)
 ParOldGen       total 218624K, used 2184K [0x0000000680e00000, 0x000000068e380000, 0x0000000755a00000)
  object space 218624K, 0% used [0x0000000680e00000,0x0000000681022128,0x000000068e380000)
 Metaspace       used 14140K, capacity 14325K, committed 14592K, reserved 1062912K
  class space    used 1338K, capacity 1423K, committed 1536K, reserved 1048576K
Event: 9.211 GC heap after
Heap after GC invocations=4 (full 0):
 PSYoungGen      total 95744K, used 5440K [0x0000000755a00000, 0x000000075c480000, 0x00000007c0000000)
  eden space 82432K, 0% used [0x0000000755a00000,0x0000000755a00000,0x000000075aa80000)
  from space 13312K, 40% used [0x000000075b780000,0x000000075bcd0170,0x000000075c480000)
  to   space 13312K, 0% used [0x000000075aa80000,0x000000075aa80000,0x000000075b780000)
 ParOldGen       total 218624K, used 2192K [0x0000000680e00000, 0x000000068e380000, 0x0000000755a00000)
  object space 218624K, 1% used [0x0000000680e00000,0x0000000681024128,0x000000068e380000)
 Metaspace       used 14140K, capacity 14325K, committed 14592K, reserved 1062912K
  class space    used 1338K, capacity 1423K, committed 1536K, reserved 1048576K
}
Event: 11.313 GC heap before
{Heap before GC invocations=5 (full 0):
 PSYoungGen      total 95744K, used 87872K [0x0000000755a00000, 0x000000075c480000, 0x00000007c0000000)
  eden space 82432K, 100% used [0x0000000755a00000,0x000000075aa80000,0x000000075aa80000)
  from space 13312K, 40% used [0x000000075b780000,0x000000075bcd0170,0x000000075c480000)
  to   space 13312K, 0% used [0x000000075aa80000,0x000000075aa80000,0x000000075b780000)
 ParOldGen       total 218624K, used 2207K [0x0000000680e00000, 0x000000068e380000, 0x0000000755a00000)
  object space 218624K, 1% used [0x0000000680e00000,0x0000000681027f98,0x000000068e380000)
 Metaspace       used 14161K, capacity 14389K, committed 14592K, reserved 1062912K
  class space    used 1340K, capacity 1423K, committed 1536K, reserved 1048576K
Event: 11.318 GC heap after
Heap after GC invocations=5 (full 0):
 PSYoungGen      total 86528K, used 5718K [0x0000000755a00000, 0x000000075b800000, 0x00000007c0000000)
  eden space 80384K, 0% used [0x0000000755a00000,0x0000000755a00000,0x000000075a880000)
  from space 6144K, 93% used [0x000000075aa80000,0x000000075b015a60,0x000000075b080000)
  to   space 7680K, 0% used [0x000000075b080000,0x000000075b080000,0x000000075b800000)
 ParOldGen       total 218624K, used 2215K [0x0000000680e00000, 0x000000068e380000, 0x0000000755a00000)
  object space 218624K, 1% used [0x0000000680e00000,0x0000000681029f98,0x000000068e380000)
 Metaspace       used 14161K, capacity 14389K, committed 14592K, reserved 1062912K
  class space    used 1340K, capacity 1423K, committed 1536K, reserved 1048576K
}

