# JRE version: OpenJDK Runtime Environment (8.0_282-b08) (build 1.8.0_282-b08)
# Java VM: OpenJDK 64-Bit Server VM (25.282-b08 mixed mode windows-amd64 compressed oops)
Heap:
 PSYoungGen      total 178176K, used 20409K [0x0000000755a00000, 0x0000000761500000, 0x00000007c0000000)
  eden space 164864K, 4% used [0x0000000755a00000,0x00000007560efda8,0x000000075fb00000)
  from space 13312K, 99% used [0x0000000760800000,0x00000007614fe830,0x0000000761500000)
  to   space 13312K, 0% used [0x000000075fb00000,0x000000075fb00000,0x0000000760800000)
 ParOldGen       total 218624K, used 129016K [0x0000000680e00000, 0x000000068e380000, 0x0000000755a00000)
  object space 218624K, 59% used [0x0000000680e00000,0x0000000688bfe118,0x000000068e380000)
 Metaspace       used 15400K, capacity 15631K, committed 16000K, reserved 1062912K
  class space    used 1466K, capacity 1558K, committed 1664K, reserved 1048576K
GC Heap History (8 events):
Event: 2.251 GC heap before
{Heap before GC invocations=1 (full 0):
 PSYoungGen      total 95744K, used 79863K [0x0000000755a00000, 0x000000075c480000, 0x00000007c0000000)
  eden space 82432K, 96% used [0x0000000755a00000,0x000000075a7fdd08,0x000000075aa80000)
  from space 13312K, 0% used [0x000000075b780000,0x000000075b780000,0x000000075c480000)
  to   space 13312K, 0% used [0x000000075aa80000,0x000000075aa80000,0x000000075b780000)
 ParOldGen       total 218624K, used 0K [0x0000000680e00000, 0x000000068e380000, 0x0000000755a00000)
  object space 218624K, 0% used [0x0000000680e00000,0x0000000680e00000,0x000000068e380000)
 Metaspace       used 13746K, capacity 13963K, committed 14336K, reserved 1062912K
  class space    used 1354K, capacity 1430K, committed 1536K, reserved 1048576K
Event: 2.260 GC heap after
Heap after GC invocations=1 (full 0):
 PSYoungGen      total 95744K, used 13285K [0x0000000755a00000, 0x000000075c480000, 0x00000007c0000000)
  eden space 82432K, 0% used [0x0000000755a00000,0x0000000755a00000,0x000000075aa80000)
  from space 13312K, 99% used [0x000000075aa80000,0x000000075b7796d8,0x000000075b780000)
  to   space 13312K, 0% used [0x000000075b780000,0x000000075b780000,0x000000075c480000)
 ParOldGen       total 218624K, used 7013K [0x0000000680e00000, 0x000000068e380000, 0x0000000755a00000)
  object space 218624K, 3% used [0x0000000680e00000,0x00000006814d9408,0x000000068e380000)
 Metaspace       used 13746K, capacity 13963K, committed 14336K, reserved 1062912K
  class space    used 1354K, capacity 1430K, committed 1536K, reserved 1048576K
}
Event: 2.848 GC heap before
{Heap before GC invocations=2 (full 0):
 PSYoungGen      total 95744K, used 95007K [0x0000000755a00000, 0x000000075c480000, 0x00000007c0000000)
  eden space 82432K, 99% used [0x0000000755a00000,0x000000075a9ce608,0x000000075aa80000)
  from space 13312K, 99% used [0x000000075aa80000,0x000000075b7796d8,0x000000075b780000)
  to   space 13312K, 0% used [0x000000075b780000,0x000000075b780000,0x000000075c480000)
 ParOldGen       total 218624K, used 7013K [0x0000000680e00000, 0x000000068e380000, 0x0000000755a00000)
  object space 218624K, 3% used [0x0000000680e00000,0x00000006814d9408,0x000000068e380000)
 Metaspace       used 13875K, capacity 14091K, committed 14592K, reserved 1062912K
  class space    used 1360K, capacity 1430K, committed 1536K, reserved 1048576K
Event: 2.862 GC heap after
Heap after GC invocations=2 (full 0):
 PSYoungGen      total 95744K, used 12958K [0x0000000755a00000, 0x0000000761500000, 0x00000007c0000000)
  eden space 82432K, 0% used [0x0000000755a00000,0x0000000755a00000,0x000000075aa80000)
  from space 13312K, 97% used [0x000000075b780000,0x000000075c427b20,0x000000075c480000)
  to   space 13312K, 0% used [0x000000075aa80000,0x000000075aa80000,0x000000075b780000)
 ParOldGen       total 218624K, used 27493K [0x0000000680e00000, 0x000000068e380000, 0x0000000755a00000)
  object space 218624K, 12% used [0x0000000680e00000,0x00000006828d9428,0x000000068e380000)
 Metaspace       used 13875K, capacity 14091K, committed 14592K, reserved 1062912K
  class space    used 1360K, capacity 1430K, committed 1536K, reserved 1048576K
}
Event: 3.367 GC heap before
{Heap before GC invocations=3 (full 0):
 PSYoungGen      total 95744K, used 95390K [0x0000000755a00000, 0x0000000761500000, 0x00000007c0000000)
  eden space 82432K, 100% used [0x0000000755a00000,0x000000075aa80000,0x000000075aa80000)
  from space 13312K, 97% used [0x000000075b780000,0x000000075c427b20,0x000000075c480000)
  to   space 13312K, 0% used [0x000000075aa80000,0x000000075aa80000,0x000000075b780000)
 ParOldGen       total 218624K, used 27493K [0x0000000680e00000, 0x000000068e380000, 0x0000000755a00000)
  object space 218624K, 12% used [0x0000000680e00000,0x00000006828d9428,0x000000068e380000)
 Metaspace       used 13909K, capacity 14091K, committed 14592K, reserved 1062912K
  class space    used 1360K, capacity 1430K, committed 1536K, reserved 1048576K
Event: 3.403 GC heap after
Heap after GC invocations=3 (full 0):
 PSYoungGen      total 95744K, used 13309K [0x0000000755a00000, 0x0000000761500000, 0x00000007c0000000)
  eden space 82432K, 0% used [0x0000000755a00000,0x0000000755a00000,0x000000075aa80000)
  from space 13312K, 99% used [0x000000075aa80000,0x000000075b77f438,0x000000075b780000)
  to   space 13312K, 0% used [0x0000000760800000,0x0000000760800000,0x0000000761500000)
 ParOldGen       total 218624K, used 99351K [0x0000000680e00000, 0x000000068e380000, 0x0000000755a00000)
  object space 218624K, 45% used [0x0000000680e00000,0x0000000686f05c48,0x000000068e380000)
 Metaspace       used 13909K, capacity 14091K, committed 14592K, reserved 1062912K
  class space    used 1360K, capacity 1430K, committed 1536K, reserved 1048576K
}
Event: 11.988 GC heap before
{Heap before GC invocations=4 (full 0):
 PSYoungGen      total 95744K, used 95741K [0x0000000755a00000, 0x0000000761500000, 0x00000007c0000000)
  eden space 82432K, 100% used [0x0000000755a00000,0x000000075aa80000,0x000000075aa80000)
  from space 13312K, 99% used [0x000000075aa80000,0x000000075b77f438,0x000000075b780000)
  to   space 13312K, 0% used [0x0000000760800000,0x0000000760800000,0x0000000761500000)
 ParOldGen       total 218624K, used 99351K [0x0000000680e00000, 0x000000068e380000, 0x0000000755a00000)
  object space 218624K, 45% used [0x0000000680e00000,0x0000000686f05c48,0x000000068e380000)
 Metaspace       used 15391K, capacity 15631K, committed 16000K, reserved 1062912K
  class space    used 1464K, capacity 1558K, committed 1664K, reserved 1048576K
Event: 12.027 GC heap after
Heap after GC invocations=4 (full 0):
 PSYoungGen      total 178176K, used 13306K [0x0000000755a00000, 0x0000000761500000, 0x00000007c0000000)
  eden space 164864K, 0% used [0x0000000755a00000,0x0000000755a00000,0x000000075fb00000)
  from space 13312K, 99% used [0x0000000760800000,0x00000007614fe830,0x0000000761500000)
  to   space 13312K, 0% used [0x000000075fb00000,0x000000075fb00000,0x0000000760800000)
 ParOldGen       total 218624K, used 129016K [0x0000000680e00000, 0x000000068e380000, 0x0000000755a00000)
  object space 218624K, 59% used [0x0000000680e00000,0x0000000688bfe118,0x000000068e380000)
 Metaspace       used 15391K, capacity 15631K, committed 16000K, reserved 1062912K
  class space    used 1464K, capacity 1558K, committed 1664K, reserved 1048576K
}

