# JRE version: OpenJDK Runtime Environment (8.0_282-b08) (build 1.8.0_282-b08)
# Java VM: OpenJDK 64-Bit Server VM (25.282-b08 mixed mode windows-amd64 compressed oops)
Heap:
 PSYoungGen      total 178176K, used 17128K [0x0000000755a00000, 0x0000000761500000, 0x00000007c0000000)
  eden space 164864K, 2% used [0x0000000755a00000,0x0000000755dbd6d0,0x000000075fb00000)
  from space 13312K, 99% used [0x0000000760800000,0x00000007614fc960,0x0000000761500000)
  to   space 13312K, 0% used [0x000000075fb00000,0x000000075fb00000,0x0000000760800000)
 ParOldGen       total 218624K, used 132602K [0x0000000680e00000, 0x000000068e380000, 0x0000000755a00000)
  object space 218624K, 60% used [0x0000000680e00000,0x0000000688f7ebb8,0x000000068e380000)
 Metaspace       used 15397K, capacity 15627K, committed 16000K, reserved 1062912K
  class space    used 1464K, capacity 1558K, committed 1664K, reserved 1048576K
GC Heap History (8 events):
Event: 2.395 GC heap before
{Heap before GC invocations=1 (full 0):
 PSYoungGen      total 95744K, used 78976K [0x0000000755a00000, 0x000000075c480000, 0x00000007c0000000)
  eden space 82432K, 95% used [0x0000000755a00000,0x000000075a720078,0x000000075aa80000)
  from space 13312K, 0% used [0x000000075b780000,0x000000075b780000,0x000000075c480000)
  to   space 13312K, 0% used [0x000000075aa80000,0x000000075aa80000,0x000000075b780000)
 ParOldGen       total 218624K, used 0K [0x0000000680e00000, 0x000000068e380000, 0x0000000755a00000)
  object space 218624K, 0% used [0x0000000680e00000,0x0000000680e00000,0x000000068e380000)
 Metaspace       used 13757K, capacity 13959K, committed 14336K, reserved 1062912K
  class space    used 1355K, capacity 1430K, committed 1536K, reserved 1048576K
Event: 2.403 GC heap after
Heap after GC invocations=1 (full 0):
 PSYoungGen      total 95744K, used 13282K [0x0000000755a00000, 0x000000075c480000, 0x00000007c0000000)
  eden space 82432K, 0% used [0x0000000755a00000,0x0000000755a00000,0x000000075aa80000)
  from space 13312K, 99% used [0x000000075aa80000,0x000000075b778b68,0x000000075b780000)
  to   space 13312K, 0% used [0x000000075b780000,0x000000075b780000,0x000000075c480000)
 ParOldGen       total 218624K, used 6116K [0x0000000680e00000, 0x000000068e380000, 0x0000000755a00000)
  object space 218624K, 2% used [0x0000000680e00000,0x00000006813f9288,0x000000068e380000)
 Metaspace       used 13757K, capacity 13959K, committed 14336K, reserved 1062912K
  class space    used 1355K, capacity 1430K, committed 1536K, reserved 1048576K
}
Event: 3.050 GC heap before
{Heap before GC invocations=2 (full 0):
 PSYoungGen      total 95744K, used 92099K [0x0000000755a00000, 0x000000075c480000, 0x00000007c0000000)
  eden space 82432K, 95% used [0x0000000755a00000,0x000000075a6f80e8,0x000000075aa80000)
  from space 13312K, 99% used [0x000000075aa80000,0x000000075b778b68,0x000000075b780000)
  to   space 13312K, 0% used [0x000000075b780000,0x000000075b780000,0x000000075c480000)
 ParOldGen       total 218624K, used 6116K [0x0000000680e00000, 0x000000068e380000, 0x0000000755a00000)
  object space 218624K, 2% used [0x0000000680e00000,0x00000006813f9288,0x000000068e380000)
 Metaspace       used 13887K, capacity 14087K, committed 14592K, reserved 1062912K
  class space    used 1360K, capacity 1430K, committed 1536K, reserved 1048576K
Event: 3.065 GC heap after
Heap after GC invocations=2 (full 0):
 PSYoungGen      total 95744K, used 13310K [0x0000000755a00000, 0x0000000761500000, 0x00000007c0000000)
  eden space 82432K, 0% used [0x0000000755a00000,0x0000000755a00000,0x000000075aa80000)
  from space 13312K, 99% used [0x000000075b780000,0x000000075c47fae8,0x000000075c480000)
  to   space 13312K, 0% used [0x000000075aa80000,0x000000075aa80000,0x000000075b780000)
 ParOldGen       total 218624K, used 28512K [0x0000000680e00000, 0x000000068e380000, 0x0000000755a00000)
  object space 218624K, 13% used [0x0000000680e00000,0x00000006829d82e0,0x000000068e380000)
 Metaspace       used 13887K, capacity 14087K, committed 14592K, reserved 1062912K
  class space    used 1360K, capacity 1430K, committed 1536K, reserved 1048576K
}
Event: 3.614 GC heap before
{Heap before GC invocations=3 (full 0):
 PSYoungGen      total 95744K, used 95742K [0x0000000755a00000, 0x0000000761500000, 0x00000007c0000000)
  eden space 82432K, 100% used [0x0000000755a00000,0x000000075aa80000,0x000000075aa80000)
  from space 13312K, 99% used [0x000000075b780000,0x000000075c47fae8,0x000000075c480000)
  to   space 13312K, 0% used [0x000000075aa80000,0x000000075aa80000,0x000000075b780000)
 ParOldGen       total 218624K, used 28512K [0x0000000680e00000, 0x000000068e380000, 0x0000000755a00000)
  object space 218624K, 13% used [0x0000000680e00000,0x00000006829d82e0,0x000000068e380000)
 Metaspace       used 13920K, capacity 14087K, committed 14592K, reserved 1062912K
  class space    used 1361K, capacity 1430K, committed 1536K, reserved 1048576K
Event: 3.636 GC heap after
Heap after GC invocations=3 (full 0):
 PSYoungGen      total 95744K, used 13301K [0x0000000755a00000, 0x0000000761500000, 0x00000007c0000000)
  eden space 82432K, 0% used [0x0000000755a00000,0x0000000755a00000,0x000000075aa80000)
  from space 13312K, 99% used [0x000000075aa80000,0x000000075b77d790,0x000000075b780000)
  to   space 13312K, 0% used [0x0000000760800000,0x0000000760800000,0x0000000761500000)
 ParOldGen       total 218624K, used 105434K [0x0000000680e00000, 0x000000068e380000, 0x0000000755a00000)
  object space 218624K, 48% used [0x0000000680e00000,0x00000006874f6b30,0x000000068e380000)
 Metaspace       used 13920K, capacity 14087K, committed 14592K, reserved 1062912K
  class space    used 1361K, capacity 1430K, committed 1536K, reserved 1048576K
}
Event: 11.484 GC heap before
{Heap before GC invocations=4 (full 0):
 PSYoungGen      total 95744K, used 95733K [0x0000000755a00000, 0x0000000761500000, 0x00000007c0000000)
  eden space 82432K, 100% used [0x0000000755a00000,0x000000075aa80000,0x000000075aa80000)
  from space 13312K, 99% used [0x000000075aa80000,0x000000075b77d790,0x000000075b780000)
  to   space 13312K, 0% used [0x0000000760800000,0x0000000760800000,0x0000000761500000)
 ParOldGen       total 218624K, used 105434K [0x0000000680e00000, 0x000000068e380000, 0x0000000755a00000)
  object space 218624K, 48% used [0x0000000680e00000,0x00000006874f6b30,0x000000068e380000)
 Metaspace       used 15393K, capacity 15627K, committed 16000K, reserved 1062912K
  class space    used 1464K, capacity 1558K, committed 1664K, reserved 1048576K
Event: 11.512 GC heap after
Heap after GC invocations=4 (full 0):
 PSYoungGen      total 178176K, used 13298K [0x0000000755a00000, 0x0000000761500000, 0x00000007c0000000)
  eden space 164864K, 0% used [0x0000000755a00000,0x0000000755a00000,0x000000075fb00000)
  from space 13312K, 99% used [0x0000000760800000,0x00000007614fc960,0x0000000761500000)
  to   space 13312K, 0% used [0x000000075fb00000,0x000000075fb00000,0x0000000760800000)
 ParOldGen       total 218624K, used 132602K [0x0000000680e00000, 0x000000068e380000, 0x0000000755a00000)
  object space 218624K, 60% used [0x0000000680e00000,0x0000000688f7ebb8,0x000000068e380000)
 Metaspace       used 15393K, capacity 15627K, committed 16000K, reserved 1062912K
  class space    used 1464K, capacity 1558K, committed 1664K, reserved 1048576K
}

