# JRE version: OpenJDK Runtime Environment (11.0.2+9) (build 11.0.2+9)
# Java VM: OpenJDK 64-Bit Server VM (11.0.2+9, mixed mode, tiered, compressed oops, g1 gc, windows-amd64)
Heap:
 garbage-first heap   total 327680K, used 60971K [0x00000006c0e00000, 0x0000000800000000)
  region size 1024K, 6 young (6144K), 5 survivors (5120K)
 Metaspace       used 19858K, capacity 20236K, committed 20352K, reserved 1067008K
  class space    used 1723K, capacity 1834K, committed 1920K, reserved 1048576K
GC Heap History (6 events):
Event: 1.480 GC heap before
{Heap before GC invocations=0 (full 0):
 garbage-first heap   total 327680K, used 15360K [0x00000006c0e00000, 0x0000000800000000)
  region size 1024K, 16 young (16384K), 0 survivors (0K)
 Metaspace       used 13475K, capacity 13698K, committed 14080K, reserved 1062912K
  class space    used 1087K, capacity 1166K, committed 1280K, reserved 1048576K
}
Event: 1.484 GC heap after
{Heap after GC invocations=1 (full 0):
 garbage-first heap   total 327680K, used 2264K [0x00000006c0e00000, 0x0000000800000000)
  region size 1024K, 2 young (2048K), 2 survivors (2048K)
 Metaspace       used 13475K, capacity 13698K, committed 14080K, reserved 1062912K
  class space    used 1087K, capacity 1166K, committed 1280K, reserved 1048576K
}
Event: 2.842 GC heap before
{Heap before GC invocations=1 (full 0):
 garbage-first heap   total 327680K, used 162008K [0x00000006c0e00000, 0x0000000800000000)
  region size 1024K, 42 young (43008K), 2 survivors (2048K)
 Metaspace       used 17945K, capacity 18245K, committed 18432K, reserved 1067008K
  class space    used 1576K, capacity 1683K, committed 1792K, reserved 1048576K
}
Event: 2.846 GC heap after
{Heap after GC invocations=2 (full 0):
 garbage-first heap   total 327680K, used 45527K [0x00000006c0e00000, 0x0000000800000000)
  region size 1024K, 11 young (11264K), 11 survivors (11264K)
 Metaspace       used 17945K, capacity 18245K, committed 18432K, reserved 1067008K
  class space    used 1576K, capacity 1683K, committed 1792K, reserved 1048576K
}
Event: 6.763 GC heap before
{Heap before GC invocations=3 (full 0):
 garbage-first heap   total 327680K, used 152023K [0x00000006c0e00000, 0x0000000800000000)
  region size 1024K, 39 young (39936K), 11 survivors (11264K)
 Metaspace       used 19845K, capacity 20236K, committed 20352K, reserved 1067008K
  class space    used 1723K, capacity 1834K, committed 1920K, reserved 1048576K
}
Event: 6.770 GC heap after
{Heap after GC invocations=4 (full 0):
 garbage-first heap   total 327680K, used 60971K [0x00000006c0e00000, 0x0000000800000000)
  region size 1024K, 5 young (5120K), 5 survivors (5120K)
 Metaspace       used 19845K, capacity 20236K, committed 20352K, reserved 1067008K
  class space    used 1723K, capacity 1834K, committed 1920K, reserved 1048576K
}

