# JRE version: OpenJDK Runtime Environment (11.0.2+9) (build 11.0.2+9)
# Java VM: OpenJDK 64-Bit Server VM (11.0.2+9, mixed mode, tiered, compressed oops, g1 gc, windows-amd64)
Heap:
 garbage-first heap   total 327680K, used 69829K [0x00000006c0e00000, 0x0000000800000000)
  region size 1024K, 13 young (13312K), 12 survivors (12288K)
 Metaspace       used 19948K, capacity 20335K, committed 20608K, reserved 1069056K
  class space    used 1724K, capacity 1867K, committed 1920K, reserved 1048576K
GC Heap History (10 events):
Event: 1.655 GC heap before
{Heap before GC invocations=0 (full 0):
 garbage-first heap   total 327680K, used 15360K [0x00000006c0e00000, 0x0000000800000000)
  region size 1024K, 16 young (16384K), 0 survivors (0K)
 Metaspace       used 13471K, capacity 13698K, committed 14080K, reserved 1062912K
  class space    used 1087K, capacity 1166K, committed 1280K, reserved 1048576K
}
Event: 1.682 GC heap after
{Heap after GC invocations=1 (full 0):
 garbage-first heap   total 327680K, used 2263K [0x00000006c0e00000, 0x0000000800000000)
  region size 1024K, 2 young (2048K), 2 survivors (2048K)
 Metaspace       used 13471K, capacity 13698K, committed 14080K, reserved 1062912K
  class space    used 1087K, capacity 1166K, committed 1280K, reserved 1048576K
}
Event: 3.204 GC heap before
{Heap before GC invocations=1 (full 0):
 garbage-first heap   total 327680K, used 162007K [0x00000006c0e00000, 0x0000000800000000)
  region size 1024K, 42 young (43008K), 2 survivors (2048K)
 Metaspace       used 17953K, capacity 18248K, committed 18432K, reserved 1067008K
  class space    used 1576K, capacity 1684K, committed 1792K, reserved 1048576K
}
Event: 3.209 GC heap after
{Heap after GC invocations=2 (full 0):
 garbage-first heap   total 327680K, used 45695K [0x00000006c0e00000, 0x0000000800000000)
  region size 1024K, 11 young (11264K), 11 survivors (11264K)
 Metaspace       used 17953K, capacity 18248K, committed 18432K, reserved 1067008K
  class space    used 1576K, capacity 1684K, committed 1792K, reserved 1048576K
}
Event: 6.567 GC heap before
{Heap before GC invocations=3 (full 0):
 garbage-first heap   total 327680K, used 152191K [0x00000006c0e00000, 0x0000000800000000)
  region size 1024K, 39 young (39936K), 11 survivors (11264K)
 Metaspace       used 19844K, capacity 20175K, committed 20352K, reserved 1067008K
  class space    used 1723K, capacity 1835K, committed 1920K, reserved 1048576K
}
Event: 6.573 GC heap after
{Heap after GC invocations=4 (full 0):
 garbage-first heap   total 327680K, used 60799K [0x00000006c0e00000, 0x0000000800000000)
  region size 1024K, 4 young (4096K), 4 survivors (4096K)
 Metaspace       used 19844K, capacity 20175K, committed 20352K, reserved 1067008K
  class space    used 1723K, capacity 1835K, committed 1920K, reserved 1048576K
}
Event: 10.463 GC heap before
{Heap before GC invocations=4 (full 0):
 garbage-first heap   total 327680K, used 106879K [0x00000006c0e00000, 0x0000000800000000)
  region size 1024K, 50 young (51200K), 4 survivors (4096K)
 Metaspace       used 19889K, capacity 20239K, committed 20352K, reserved 1067008K
  class space    used 1723K, capacity 1835K, committed 1920K, reserved 1048576K
}
Event: 10.468 GC heap after
{Heap after GC invocations=5 (full 0):
 garbage-first heap   total 327680K, used 62006K [0x00000006c0e00000, 0x0000000800000000)
  region size 1024K, 5 young (5120K), 5 survivors (5120K)
 Metaspace       used 19889K, capacity 20239K, committed 20352K, reserved 1067008K
  class space    used 1723K, capacity 1835K, committed 1920K, reserved 1048576K
}
Event: 22.115 GC heap before
{Heap before GC invocations=5 (full 0):
 garbage-first heap   total 327680K, used 177718K [0x00000006c0e00000, 0x0000000800000000)
  region size 1024K, 118 young (120832K), 5 survivors (5120K)
 Metaspace       used 19946K, capacity 20335K, committed 20608K, reserved 1069056K
  class space    used 1724K, capacity 1867K, committed 1920K, reserved 1048576K
}
Event: 22.128 GC heap after
{Heap after GC invocations=6 (full 0):
 garbage-first heap   total 327680K, used 69829K [0x00000006c0e00000, 0x0000000800000000)
  region size 1024K, 12 young (12288K), 12 survivors (12288K)
 Metaspace       used 19946K, capacity 20335K, committed 20608K, reserved 1069056K
  class space    used 1724K, capacity 1867K, committed 1920K, reserved 1048576K
}

